{"C:\\Users\\tharu\\Downloads\\jobqueue-saas\\backend\\src\\main.ts": {"path":"C:\\Users\\tharu\\Downloads\\jobqueue-saas\\backend\\src\\main.ts","statementMap":{"0":{"start":{"line":1,"column":0},"end":{"line":1,"column":56}},"1":{"start":{"line":2,"column":0},"end":{"line":2,"column":43}},"2":{"start":{"line":3,"column":0},"end":{"line":3,"column":47}},"3":{"start":{"line":4,"column":0},"end":{"line":4,"column":41}},"4":{"start":{"line":5,"column":0},"end":{"line":5,"column":28}},"5":{"start":{"line":6,"column":0},"end":{"line":6,"column":41}},"6":{"start":{"line":9,"column":14},"end":{"line":9,"column":66}},"7":{"start":{"line":10,"column":24},"end":{"line":10,"column":46}},"8":{"start":{"line":11,"column":17},"end":{"line":11,"column":40}},"9":{"start":{"line":13,"column":20},"end":{"line":13,"column":59}},"10":{"start":{"line":14,"column":15},"end":{"line":14,"column":49}},"11":{"start":{"line":15,"column":21},"end":{"line":15,"column":61}},"12":{"start":{"line":17,"column":2},"end":{"line":17,"column":33}},"13":{"start":{"line":18,"column":2},"end":{"line":18,"column":20}},"14":{"start":{"line":19,"column":2},"end":{"line":19,"column":26}},"15":{"start":{"line":21,"column":2},"end":{"line":24,"column":5}},"16":{"start":{"line":26,"column":2},"end":{"line":33,"column":4}},"17":{"start":{"line":35,"column":2},"end":{"line":35,"column":28}},"18":{"start":{"line":37,"column":2},"end":{"line":37,"column":25}},"19":{"start":{"line":38,"column":2},"end":{"line":38,"column":78}},"20":{"start":{"line":41,"column":0},"end":{"line":41,"column":12}}},"fnMap":{"0":{"name":"bootstrap","decl":{"start":{"line":8,"column":15},"end":{"line":8,"column":24}},"loc":{"start":{"line":8,"column":24},"end":{"line":39,"column":1}}}},"branchMap":{},"s":{"0":0,"1":0,"2":0,"3":0,"4":0,"5":0,"6":0,"7":0,"8":0,"9":0,"10":0,"11":0,"12":0,"13":0,"14":0,"15":0,"16":0,"17":0,"18":0,"19":0,"20":0},"f":{"0":0},"b":{}}
,"C:\\Users\\tharu\\Downloads\\jobqueue-saas\\backend\\src\\common\\decorators\\current-user.decorator.ts": {"path":"C:\\Users\\tharu\\Downloads\\jobqueue-saas\\backend\\src\\common\\decorators\\current-user.decorator.ts","statementMap":{"0":{"start":{"line":1,"column":0},"end":{"line":1,"column":72}},"1":{"start":{"line":8,"column":13},"end":{"line":14,"column":2}},"2":{"start":{"line":10,"column":20},"end":{"line":10,"column":51}},"3":{"start":{"line":11,"column":36},"end":{"line":11,"column":48}},"4":{"start":{"line":12,"column":4},"end":{"line":12,"column":38}}},"fnMap":{"0":{"name":"(anonymous_0)","decl":{"start":{"line":9,"column":2},"end":{"line":9,"column":3}},"loc":{"start":{"line":9,"column":71},"end":{"line":13,"column":3}}}},"branchMap":{"0":{"loc":{"start":{"line":12,"column":11},"end":{"line":12,"column":37}},"type":"cond-expr","locations":[{"start":{"line":12,"column":18},"end":{"line":12,"column":30}},{"start":{"line":12,"column":33},"end":{"line":12,"column":37}}]}},"s":{"0":0,"1":0,"2":0,"3":0,"4":0},"f":{"0":0},"b":{"0":[0,0]}}
,"C:\\Users\\tharu\\Downloads\\jobqueue-saas\\backend\\src\\common\\dto\\pagination-query.dto.ts": {"path":"C:\\Users\\tharu\\Downloads\\jobqueue-saas\\backend\\src\\common\\dto\\pagination-query.dto.ts","statementMap":{"0":{"start":{"line":1,"column":0},"end":{"line":1,"column":41}},"1":{"start":{"line":2,"column":0},"end":{"line":2,"column":78}},"2":{"start":{"line":9,"column":2},"end":{"line":9,"column":19}},"3":{"start":{"line":16,"column":2},"end":{"line":16,"column":21}},"4":{"start":{"line":24,"column":2},"end":{"line":24,"column":37}},"5":{"start":{"line":27,"column":4},"end":{"line":27,"column":40}},"6":{"start":{"line":4,"column":0},"end":{"line":4,"column":13}},"7":{"start":{"line":9,"column":2},"end":{"line":9,"column":null}},"8":{"start":{"line":6,"column":14},"end":{"line":6,"column":20}},"9":{"start":{"line":16,"column":2},"end":{"line":16,"column":null}},"10":{"start":{"line":12,"column":14},"end":{"line":12,"column":20}},"11":{"start":{"line":20,"column":2},"end":{"line":20,"column":null}},"12":{"start":{"line":24,"column":2},"end":{"line":24,"column":null}}},"fnMap":{"0":{"name":"(anonymous_2)","decl":{"start":{"line":4,"column":0},"end":{"line":4,"column":13}},"loc":{"start":{"line":4,"column":0},"end":{"line":29,"column":1}}},"1":{"name":"(anonymous_3)","decl":{"start":{"line":26,"column":2},"end":{"line":26,"column":6}},"loc":{"start":{"line":26,"column":10},"end":{"line":28,"column":3}}},"2":{"name":"(anonymous_4)","decl":{"start":{"line":6,"column":8},"end":{"line":6,"column":11}},"loc":{"start":{"line":6,"column":14},"end":{"line":6,"column":20}}},"3":{"name":"(anonymous_5)","decl":{"start":{"line":12,"column":8},"end":{"line":12,"column":11}},"loc":{"start":{"line":12,"column":14},"end":{"line":12,"column":20}}}},"branchMap":{},"s":{"0":0,"1":0,"2":0,"3":0,"4":0,"5":0,"6":0,"7":0,"8":0,"9":0,"10":0,"11":0,"12":0},"f":{"0":0,"1":0,"2":0,"3":0},"b":{}}
,"C:\\Users\\tharu\\Downloads\\jobqueue-saas\\backend\\src\\common\\filters\\global-exception.filter.ts": {"path":"C:\\Users\\tharu\\Downloads\\jobqueue-saas\\backend\\src\\common\\filters\\global-exception.filter.ts","statementMap":{"0":{"start":{"line":1,"column":0},"end":{"line":1,"column":null}},"1":{"start":{"line":10,"column":0},"end":{"line":10,"column":40}},"2":{"start":{"line":22,"column":34},"end":{"line":114,"column":null}},"3":{"start":{"line":23,"column":19},"end":{"line":23,"column":67}},"4":{"start":{"line":26,"column":16},"end":{"line":26,"column":35}},"5":{"start":{"line":27,"column":21},"end":{"line":27,"column":48}},"6":{"start":{"line":28,"column":20},"end":{"line":28,"column":45}},"7":{"start":{"line":30,"column":43},"end":{"line":30,"column":75}},"8":{"start":{"line":32,"column":28},"end":{"line":39,"column":6}},"9":{"start":{"line":41,"column":4},"end":{"line":50,"column":5}},"10":{"start":{"line":42,"column":6},"end":{"line":45,"column":8}},"11":{"start":{"line":47,"column":6},"end":{"line":49,"column":8}},"12":{"start":{"line":52,"column":4},"end":{"line":52,"column":43}},"13":{"start":{"line":60,"column":4},"end":{"line":65,"column":5}},"14":{"start":{"line":61,"column":21},"end":{"line":61,"column":42}},"15":{"start":{"line":62,"column":18},"end":{"line":62,"column":41}},"16":{"start":{"line":63,"column":22},"end":{"line":63,"column":97}},"17":{"start":{"line":64,"column":6},"end":{"line":64,"column":68}},"18":{"start":{"line":67,"column":4},"end":{"line":69,"column":5}},"19":{"start":{"line":68,"column":6},"end":{"line":68,"column":48}},"20":{"start":{"line":71,"column":4},"end":{"line":77,"column":5}},"21":{"start":{"line":72,"column":6},"end":{"line":76,"column":8}},"22":{"start":{"line":79,"column":4},"end":{"line":83,"column":6}},"23":{"start":{"line":87,"column":4},"end":{"line":112,"column":5}},"24":{"start":{"line":89,"column":8},"end":{"line":93,"column":10}},"25":{"start":{"line":95,"column":8},"end":{"line":99,"column":10}},"26":{"start":{"line":101,"column":8},"end":{"line":105,"column":10}},"27":{"start":{"line":107,"column":8},"end":{"line":111,"column":10}},"28":{"start":{"line":22,"column":13},"end":{"line":22,"column":34}},"29":{"start":{"line":22,"column":13},"end":{"line":114,"column":null}}},"fnMap":{"0":{"name":"(anonymous_1)","decl":{"start":{"line":22,"column":7},"end":{"line":22,"column":13}},"loc":{"start":{"line":22,"column":7},"end":{"line":114,"column":1}}},"1":{"name":"(anonymous_2)","decl":{"start":{"line":25,"column":2},"end":{"line":25,"column":7}},"loc":{"start":{"line":25,"column":47},"end":{"line":53,"column":3}}},"2":{"name":"(anonymous_3)","decl":{"start":{"line":55,"column":10},"end":{"line":55,"column":26}},"loc":{"start":{"line":55,"column":45},"end":{"line":84,"column":3}}},"3":{"name":"(anonymous_4)","decl":{"start":{"line":86,"column":10},"end":{"line":86,"column":28}},"loc":{"start":{"line":86,"column":76},"end":{"line":113,"column":3}}}},"branchMap":{"0":{"loc":{"start":{"line":41,"column":4},"end":{"line":50,"column":5}},"type":"if","locations":[{"start":{"line":41,"column":4},"end":{"line":50,"column":5}},{"start":{"line":46,"column":11},"end":{"line":50,"column":5}}]},"1":{"loc":{"start":{"line":44,"column":8},"end":{"line":44,"column":72}},"type":"cond-expr","locations":[{"start":{"line":44,"column":37},"end":{"line":44,"column":52}},{"start":{"line":44,"column":55},"end":{"line":44,"column":72}}]},"2":{"loc":{"start":{"line":60,"column":4},"end":{"line":65,"column":5}},"type":"if","locations":[{"start":{"line":60,"column":4},"end":{"line":65,"column":5}}]},"3":{"loc":{"start":{"line":63,"column":22},"end":{"line":63,"column":97}},"type":"cond-expr","locations":[{"start":{"line":63,"column":48},"end":{"line":63,"column":51}},{"start":{"line":63,"column":56},"end":{"line":63,"column":96}}]},"4":{"loc":{"start":{"line":63,"column":56},"end":{"line":63,"column":96}},"type":"binary-expr","locations":[{"start":{"line":63,"column":56},"end":{"line":63,"column":75}},{"start":{"line":63,"column":79},"end":{"line":63,"column":96}}]},"5":{"loc":{"start":{"line":67,"column":4},"end":{"line":69,"column":5}},"type":"if","locations":[{"start":{"line":67,"column":4},"end":{"line":69,"column":5}}]},"6":{"loc":{"start":{"line":71,"column":4},"end":{"line":77,"column":5}},"type":"if","locations":[{"start":{"line":71,"column":4},"end":{"line":77,"column":5}}]},"7":{"loc":{"start":{"line":87,"column":4},"end":{"line":112,"column":5}},"type":"switch","locations":[{"start":{"line":88,"column":6},"end":{"line":93,"column":10}},{"start":{"line":94,"column":6},"end":{"line":99,"column":10}},{"start":{"line":100,"column":6},"end":{"line":105,"column":10}},{"start":{"line":106,"column":6},"end":{"line":111,"column":10}}]},"8":{"loc":{"start":{"line":91,"column":42},"end":{"line":91,"column":100}},"type":"binary-expr","locations":[{"start":{"line":91,"column":42},"end":{"line":91,"column":89}},{"start":{"line":91,"column":93},"end":{"line":91,"column":100}}]}},"s":{"0":0,"1":0,"2":0,"3":0,"4":0,"5":0,"6":0,"7":0,"8":0,"9":0,"10":0,"11":0,"12":0,"13":0,"14":0,"15":0,"16":0,"17":0,"18":0,"19":0,"20":0,"21":0,"22":0,"23":0,"24":0,"25":0,"26":0,"27":0,"28":0,"29":0},"f":{"0":0,"1":0,"2":0,"3":0},"b":{"0":[0,0],"1":[0,0],"2":[0],"3":[0,0],"4":[0,0],"5":[0],"6":[0],"7":[0,0,0,0],"8":[0,0]}}
,"C:\\Users\\tharu\\Downloads\\jobqueue-saas\\backend\\src\\common\\interceptors\\logging.interceptor.ts": {"path":"C:\\Users\\tharu\\Downloads\\jobqueue-saas\\backend\\src\\common\\interceptors\\logging.interceptor.ts","statementMap":{"0":{"start":{"line":1,"column":0},"end":{"line":1,"column":100}},"1":{"start":{"line":3,"column":0},"end":{"line":3,"column":37}},"2":{"start":{"line":6,"column":7},"end":{"line":28,"column":null}},"3":{"start":{"line":7,"column":19},"end":{"line":7,"column":47}},"4":{"start":{"line":10,"column":20},"end":{"line":10,"column":55}},"5":{"start":{"line":11,"column":40},"end":{"line":11,"column":47}},"6":{"start":{"line":12,"column":18},"end":{"line":12,"column":28}},"7":{"start":{"line":14,"column":4},"end":{"line":26,"column":6}},"8":{"start":{"line":17,"column":27},"end":{"line":17,"column":63}},"9":{"start":{"line":18,"column":21},"end":{"line":18,"column":39}},"10":{"start":{"line":19,"column":10},"end":{"line":19,"column":95}},"11":{"start":{"line":22,"column":21},"end":{"line":22,"column":39}},"12":{"start":{"line":23,"column":10},"end":{"line":23,"column":90}},"13":{"start":{"line":6,"column":13},"end":{"line":6,"column":31}},"14":{"start":{"line":6,"column":13},"end":{"line":28,"column":null}}},"fnMap":{"0":{"name":"(anonymous_1)","decl":{"start":{"line":6,"column":7},"end":{"line":6,"column":13}},"loc":{"start":{"line":6,"column":7},"end":{"line":28,"column":1}}},"1":{"name":"(anonymous_2)","decl":{"start":{"line":9,"column":2},"end":{"line":9,"column":11}},"loc":{"start":{"line":9,"column":56},"end":{"line":27,"column":3}}},"2":{"name":"(anonymous_3)","decl":{"start":{"line":16,"column":14},"end":{"line":16,"column":17}},"loc":{"start":{"line":16,"column":19},"end":{"line":20,"column":9}}},"3":{"name":"(anonymous_4)","decl":{"start":{"line":21,"column":15},"end":{"line":21,"column":16}},"loc":{"start":{"line":21,"column":23},"end":{"line":24,"column":9}}}},"branchMap":{},"s":{"0":0,"1":0,"2":0,"3":0,"4":0,"5":0,"6":0,"7":0,"8":0,"9":0,"10":0,"11":0,"12":0,"13":0,"14":0},"f":{"0":0,"1":0,"2":0,"3":0},"b":{}}
,"C:\\Users\\tharu\\Downloads\\jobqueue-saas\\backend\\src\\modules\\auth\\auth.service.ts": {"path":"C:\\Users\\tharu\\Downloads\\jobqueue-saas\\backend\\src\\modules\\auth\\auth.service.ts","statementMap":{"0":{"start":{"line":1,"column":0},"end":{"line":1,"column":86}},"1":{"start":{"line":2,"column":0},"end":{"line":2,"column":47}},"2":{"start":{"line":3,"column":0},"end":{"line":3,"column":41}},"3":{"start":{"line":4,"column":0},"end":{"line":4,"column":36}},"4":{"start":{"line":5,"column":0},"end":{"line":5,"column":33}},"5":{"start":{"line":7,"column":0},"end":{"line":7,"column":27}},"6":{"start":{"line":8,"column":0},"end":{"line":8,"column":60}},"7":{"start":{"line":9,"column":0},"end":{"line":9,"column":54}},"8":{"start":{"line":24,"column":7},"end":{"line":158,"column":null}},"9":{"start":{"line":26,"column":21},"end":{"line":26,"column":35}},"10":{"start":{"line":27,"column":21},"end":{"line":27,"column":29}},"11":{"start":{"line":28,"column":21},"end":{"line":28,"column":33}},"12":{"start":{"line":29,"column":21},"end":{"line":29,"column":36}},"13":{"start":{"line":36,"column":21},"end":{"line":36,"column":67}},"14":{"start":{"line":37,"column":4},"end":{"line":39,"column":5}},"15":{"start":{"line":38,"column":6},"end":{"line":38,"column":79}},"16":{"start":{"line":41,"column":25},"end":{"line":41,"column":56}},"17":{"start":{"line":42,"column":17},"end":{"line":47,"column":6}},"18":{"start":{"line":49,"column":19},"end":{"line":49,"column":56}},"19":{"start":{"line":50,"column":4},"end":{"line":50,"column":28}},"20":{"start":{"line":54,"column":17},"end":{"line":54,"column":63}},"21":{"start":{"line":55,"column":4},"end":{"line":57,"column":5}},"22":{"start":{"line":56,"column":6},"end":{"line":56,"column":67}},"23":{"start":{"line":59,"column":26},"end":{"line":59,"column":78}},"24":{"start":{"line":60,"column":4},"end":{"line":62,"column":5}},"25":{"start":{"line":61,"column":6},"end":{"line":61,"column":67}},"26":{"start":{"line":64,"column":4},"end":{"line":66,"column":5}},"27":{"start":{"line":65,"column":6},"end":{"line":65,"column":75}},"28":{"start":{"line":68,"column":19},"end":{"line":68,"column":56}},"29":{"start":{"line":69,"column":4},"end":{"line":69,"column":28}},"30":{"start":{"line":82,"column":17},"end":{"line":82,"column":57}},"31":{"start":{"line":83,"column":4},"end":{"line":85,"column":5}},"32":{"start":{"line":84,"column":6},"end":{"line":84,"column":78}},"33":{"start":{"line":87,"column":22},"end":{"line":87,"column":52}},"34":{"start":{"line":88,"column":19},"end":{"line":90,"column":6}},"35":{"start":{"line":92,"column":4},"end":{"line":94,"column":5}},"36":{"start":{"line":93,"column":6},"end":{"line":93,"column":91}},"37":{"start":{"line":96,"column":4},"end":{"line":98,"column":5}},"38":{"start":{"line":97,"column":6},"end":{"line":97,"column":67}},"39":{"start":{"line":100,"column":4},"end":{"line":103,"column":7}},"40":{"start":{"line":105,"column":19},"end":{"line":105,"column":56}},"41":{"start":{"line":106,"column":4},"end":{"line":106,"column":28}},"42":{"start":{"line":110,"column":22},"end":{"line":110,"column":52}},"43":{"start":{"line":111,"column":4},"end":{"line":114,"column":7}},"44":{"start":{"line":118,"column":4},"end":{"line":121,"column":7}},"45":{"start":{"line":125,"column":20},"end":{"line":125,"column":55}},"46":{"start":{"line":127,"column":24},"end":{"line":130,"column":6}},"47":{"start":{"line":132,"column":29},"end":{"line":132,"column":85}},"48":{"start":{"line":133,"column":25},"end":{"line":136,"column":6}},"49":{"start":{"line":138,"column":4},"end":{"line":146,"column":7}},"50":{"start":{"line":148,"column":4},"end":{"line":148,"column":41}},"51":{"start":{"line":152,"column":4},"end":{"line":152,"column":60}},"52":{"start":{"line":156,"column":4},"end":{"line":156,"column":72}},"53":{"start":{"line":24,"column":13},"end":{"line":24,"column":24}},"54":{"start":{"line":24,"column":13},"end":{"line":158,"column":null}}},"fnMap":{"0":{"name":"(anonymous_12)","decl":{"start":{"line":25,"column":2},"end":{"line":25,"column":null}},"loc":{"start":{"line":29,"column":49},"end":{"line":30,"column":6}}},"1":{"name":"(anonymous_13)","decl":{"start":{"line":32,"column":2},"end":{"line":32,"column":7}},"loc":{"start":{"line":34,"column":25},"end":{"line":51,"column":3}}},"2":{"name":"(anonymous_14)","decl":{"start":{"line":53,"column":2},"end":{"line":53,"column":7}},"loc":{"start":{"line":53,"column":50},"end":{"line":70,"column":3}}},"3":{"name":"(anonymous_15)","decl":{"start":{"line":77,"column":2},"end":{"line":77,"column":7}},"loc":{"start":{"line":80,"column":25},"end":{"line":107,"column":3}}},"4":{"name":"(anonymous_16)","decl":{"start":{"line":109,"column":2},"end":{"line":109,"column":7}},"loc":{"start":{"line":109,"column":53},"end":{"line":115,"column":3}}},"5":{"name":"(anonymous_17)","decl":{"start":{"line":117,"column":2},"end":{"line":117,"column":7}},"loc":{"start":{"line":117,"column":40},"end":{"line":122,"column":3}}},"6":{"name":"(anonymous_18)","decl":{"start":{"line":124,"column":10},"end":{"line":124,"column":15}},"loc":{"start":{"line":124,"column":64},"end":{"line":149,"column":3}}},"7":{"name":"(anonymous_19)","decl":{"start":{"line":151,"column":10},"end":{"line":151,"column":19}},"loc":{"start":{"line":151,"column":33},"end":{"line":153,"column":3}}},"8":{"name":"(anonymous_20)","decl":{"start":{"line":155,"column":2},"end":{"line":155,"column":6}},"loc":{"start":{"line":155,"column":27},"end":{"line":157,"column":3}}}},"branchMap":{"0":{"loc":{"start":{"line":37,"column":4},"end":{"line":39,"column":5}},"type":"if","locations":[{"start":{"line":37,"column":4},"end":{"line":39,"column":5}}]},"1":{"loc":{"start":{"line":55,"column":4},"end":{"line":57,"column":5}},"type":"if","locations":[{"start":{"line":55,"column":4},"end":{"line":57,"column":5}}]},"2":{"loc":{"start":{"line":60,"column":4},"end":{"line":62,"column":5}},"type":"if","locations":[{"start":{"line":60,"column":4},"end":{"line":62,"column":5}}]},"3":{"loc":{"start":{"line":64,"column":4},"end":{"line":66,"column":5}},"type":"if","locations":[{"start":{"line":64,"column":4},"end":{"line":66,"column":5}}]},"4":{"loc":{"start":{"line":83,"column":4},"end":{"line":85,"column":5}},"type":"if","locations":[{"start":{"line":83,"column":4},"end":{"line":85,"column":5}}]},"5":{"loc":{"start":{"line":83,"column":8},"end":{"line":83,"column":31}},"type":"binary-expr","locations":[{"start":{"line":83,"column":8},"end":{"line":83,"column":13}},{"start":{"line":83,"column":17},"end":{"line":83,"column":31}}]},"6":{"loc":{"start":{"line":92,"column":4},"end":{"line":94,"column":5}},"type":"if","locations":[{"start":{"line":92,"column":4},"end":{"line":94,"column":5}}]},"7":{"loc":{"start":{"line":96,"column":4},"end":{"line":98,"column":5}},"type":"if","locations":[{"start":{"line":96,"column":4},"end":{"line":98,"column":5}}]}},"s":{"0":1,"1":1,"2":1,"3":1,"4":1,"5":1,"6":1,"7":1,"8":1,"9":5,"10":5,"11":5,"12":5,"13":2,"14":2,"15":1,"16":1,"17":1,"18":1,"19":1,"20":3,"21":3,"22":1,"23":2,"24":2,"25":1,"26":1,"27":0,"28":1,"29":1,"30":0,"31":0,"32":0,"33":0,"34":0,"35":0,"36":0,"37":0,"38":0,"39":0,"40":0,"41":0,"42":0,"43":0,"44":0,"45":2,"46":2,"47":2,"48":2,"49":2,"50":2,"51":2,"52":0,"53":1,"54":1},"f":{"0":5,"1":2,"2":3,"3":0,"4":0,"5":0,"6":2,"7":2,"8":0},"b":{"0":[1],"1":[1],"2":[1],"3":[0],"4":[0],"5":[0,0],"6":[0],"7":[0]}}
,"C:\\Users\\tharu\\Downloads\\jobqueue-saas\\backend\\src\\modules\\auth\\ms.util.ts": {"path":"C:\\Users\\tharu\\Downloads\\jobqueue-saas\\backend\\src\\modules\\auth\\ms.util.ts","statementMap":{"0":{"start":{"line":13,"column":0},"end":{"line":13,"column":24}},"1":{"start":{"line":1,"column":40},"end":{"line":7,"column":2}},"2":{"start":{"line":14,"column":16},"end":{"line":14,"column":56}},"3":{"start":{"line":15,"column":2},"end":{"line":17,"column":3}},"4":{"start":{"line":16,"column":4},"end":{"line":16,"column":59}},"5":{"start":{"line":18,"column":27},"end":{"line":18,"column":32}},"6":{"start":{"line":19,"column":2},"end":{"line":19,"column":46}}},"fnMap":{"0":{"name":"ms","decl":{"start":{"line":13,"column":24},"end":{"line":13,"column":26}},"loc":{"start":{"line":13,"column":40},"end":{"line":20,"column":1}}}},"branchMap":{"0":{"loc":{"start":{"line":15,"column":2},"end":{"line":17,"column":3}},"type":"if","locations":[{"start":{"line":15,"column":2},"end":{"line":17,"column":3}}]}},"s":{"0":1,"1":1,"2":2,"3":2,"4":0,"5":2,"6":2},"f":{"0":2},"b":{"0":[0]}}
,"C:\\Users\\tharu\\Downloads\\jobqueue-saas\\backend\\src\\modules\\auth\\dto\\auth-response.dto.ts": {"path":"C:\\Users\\tharu\\Downloads\\jobqueue-saas\\backend\\src\\modules\\auth\\dto\\auth-response.dto.ts","statementMap":{"0":{"start":{"line":1,"column":0},"end":{"line":1,"column":13}},"1":{"start":{"line":8,"column":0},"end":{"line":8,"column":13}}},"fnMap":{},"branchMap":{},"s":{"0":0,"1":0},"f":{},"b":{}}
,"C:\\Users\\tharu\\Downloads\\jobqueue-saas\\backend\\src\\modules\\auth\\dto\\login.dto.ts": {"path":"C:\\Users\\tharu\\Downloads\\jobqueue-saas\\backend\\src\\modules\\auth\\dto\\login.dto.ts","statementMap":{"0":{"start":{"line":1,"column":0},"end":{"line":1,"column":63}},"1":{"start":{"line":3,"column":0},"end":{"line":3,"column":13}},"2":{"start":{"line":5,"column":2},"end":{"line":5,"column":null}},"3":{"start":{"line":9,"column":2},"end":{"line":9,"column":null}}},"fnMap":{},"branchMap":{},"s":{"0":0,"1":0,"2":0,"3":0},"f":{},"b":{}}
,"C:\\Users\\tharu\\Downloads\\jobqueue-saas\\backend\\src\\modules\\auth\\dto\\register.dto.ts": {"path":"C:\\Users\\tharu\\Downloads\\jobqueue-saas\\backend\\src\\modules\\auth\\dto\\register.dto.ts","statementMap":{"0":{"start":{"line":1,"column":0},"end":{"line":1,"column":83}},"1":{"start":{"line":3,"column":0},"end":{"line":3,"column":13}},"2":{"start":{"line":5,"column":2},"end":{"line":5,"column":null}},"3":{"start":{"line":14,"column":2},"end":{"line":14,"column":null}},"4":{"start":{"line":19,"column":2},"end":{"line":19,"column":null}},"5":{"start":{"line":24,"column":2},"end":{"line":24,"column":null}}},"fnMap":{},"branchMap":{},"s":{"0":0,"1":0,"2":0,"3":0,"4":0,"5":0},"f":{},"b":{}}
,"C:\\Users\\tharu\\Downloads\\jobqueue-saas\\backend\\src\\modules\\auth\\guards\\jwt-auth.guard.ts": {"path":"C:\\Users\\tharu\\Downloads\\jobqueue-saas\\backend\\src\\modules\\auth\\guards\\jwt-auth.guard.ts","statementMap":{"0":{"start":{"line":1,"column":0},"end":{"line":1,"column":62}},"1":{"start":{"line":2,"column":0},"end":{"line":2,"column":41}},"2":{"start":{"line":3,"column":0},"end":{"line":3,"column":45}},"3":{"start":{"line":4,"column":0},"end":{"line":4,"column":76}},"4":{"start":{"line":7,"column":7},"end":{"line":24,"column":null}},"5":{"start":{"line":9,"column":4},"end":{"line":9,"column":12}},"6":{"start":{"line":8,"column":31},"end":{"line":8,"column":42}},"7":{"start":{"line":13,"column":21},"end":{"line":16,"column":6}},"8":{"start":{"line":18,"column":4},"end":{"line":20,"column":5}},"9":{"start":{"line":19,"column":6},"end":{"line":19,"column":18}},"10":{"start":{"line":22,"column":4},"end":{"line":22,"column":38}},"11":{"start":{"line":7,"column":13},"end":{"line":7,"column":25}},"12":{"start":{"line":7,"column":13},"end":{"line":24,"column":null}}},"fnMap":{"0":{"name":"(anonymous_2)","decl":{"start":{"line":8,"column":2},"end":{"line":8,"column":31}},"loc":{"start":{"line":8,"column":51},"end":{"line":10,"column":3}}},"1":{"name":"(anonymous_3)","decl":{"start":{"line":12,"column":2},"end":{"line":12,"column":13}},"loc":{"start":{"line":12,"column":39},"end":{"line":23,"column":3}}}},"branchMap":{"0":{"loc":{"start":{"line":18,"column":4},"end":{"line":20,"column":5}},"type":"if","locations":[{"start":{"line":18,"column":4},"end":{"line":20,"column":5}}]}},"s":{"0":0,"1":0,"2":0,"3":0,"4":0,"5":0,"6":0,"7":0,"8":0,"9":0,"10":0,"11":0,"12":0},"f":{"0":0,"1":0},"b":{"0":[0]}}
,"C:\\Users\\tharu\\Downloads\\jobqueue-saas\\backend\\src\\modules\\auth\\guards\\jwt-refresh.guard.ts": {"path":"C:\\Users\\tharu\\Downloads\\jobqueue-saas\\backend\\src\\modules\\auth\\guards\\jwt-refresh.guard.ts","statementMap":{"0":{"start":{"line":1,"column":0},"end":{"line":1,"column":44}},"1":{"start":{"line":2,"column":0},"end":{"line":2,"column":45}},"2":{"start":{"line":5,"column":7},"end":{"line":5,"column":null}},"3":{"start":{"line":5,"column":13},"end":{"line":5,"column":28}},"4":{"start":{"line":5,"column":13},"end":{"line":5,"column":null}}},"fnMap":{},"branchMap":{},"s":{"0":0,"1":0,"2":0,"3":0,"4":0},"f":{},"b":{}}
,"C:\\Users\\tharu\\Downloads\\jobqueue-saas\\backend\\src\\modules\\auth\\strategies\\jwt-refresh.strategy.ts": {"path":"C:\\Users\\tharu\\Downloads\\jobqueue-saas\\backend\\src\\modules\\auth\\strategies\\jwt-refresh.strategy.ts","statementMap":{"0":{"start":{"line":1,"column":0},"end":{"line":1,"column":67}},"1":{"start":{"line":2,"column":0},"end":{"line":2,"column":47}},"2":{"start":{"line":3,"column":0},"end":{"line":3,"column":52}},"3":{"start":{"line":5,"column":0},"end":{"line":5,"column":52}},"4":{"start":{"line":8,"column":28},"end":{"line":16,"column":1}},"5":{"start":{"line":9,"column":2},"end":{"line":11,"column":3}},"6":{"start":{"line":10,"column":4},"end":{"line":10,"column":37}},"7":{"start":{"line":12,"column":2},"end":{"line":14,"column":3}},"8":{"start":{"line":13,"column":4},"end":{"line":13,"column":33}},"9":{"start":{"line":15,"column":2},"end":{"line":15,"column":55}},"10":{"start":{"line":19,"column":7},"end":{"line":36,"column":null}},"11":{"start":{"line":21,"column":4},"end":{"line":26,"column":7}},"12":{"start":{"line":20,"column":31},"end":{"line":20,"column":46}},"13":{"start":{"line":30,"column":25},"end":{"line":30,"column":49}},"14":{"start":{"line":31,"column":4},"end":{"line":33,"column":5}},"15":{"start":{"line":32,"column":6},"end":{"line":32,"column":63}},"16":{"start":{"line":34,"column":4},"end":{"line":34,"column":67}},"17":{"start":{"line":19,"column":13},"end":{"line":19,"column":31}},"18":{"start":{"line":19,"column":13},"end":{"line":36,"column":null}}},"fnMap":{"0":{"name":"(anonymous_2)","decl":{"start":{"line":8,"column":28},"end":{"line":8,"column":29}},"loc":{"start":{"line":8,"column":60},"end":{"line":16,"column":1}}},"1":{"name":"(anonymous_3)","decl":{"start":{"line":20,"column":2},"end":{"line":20,"column":31}},"loc":{"start":{"line":20,"column":59},"end":{"line":27,"column":3}}},"2":{"name":"(anonymous_4)","decl":{"start":{"line":29,"column":2},"end":{"line":29,"column":10}},"loc":{"start":{"line":29,"column":44},"end":{"line":35,"column":3}}}},"branchMap":{"0":{"loc":{"start":{"line":9,"column":2},"end":{"line":11,"column":3}},"type":"if","locations":[{"start":{"line":9,"column":2},"end":{"line":11,"column":3}}]},"1":{"loc":{"start":{"line":12,"column":2},"end":{"line":14,"column":3}},"type":"if","locations":[{"start":{"line":12,"column":2},"end":{"line":14,"column":3}}]},"2":{"loc":{"start":{"line":31,"column":4},"end":{"line":33,"column":5}},"type":"if","locations":[{"start":{"line":31,"column":4},"end":{"line":33,"column":5}}]}},"s":{"0":0,"1":0,"2":0,"3":0,"4":0,"5":0,"6":0,"7":0,"8":0,"9":0,"10":0,"11":0,"12":0,"13":0,"14":0,"15":0,"16":0,"17":0,"18":0},"f":{"0":0,"1":0,"2":0},"b":{"0":[0],"1":[0],"2":[0]}}
,"C:\\Users\\tharu\\Downloads\\jobqueue-saas\\backend\\src\\modules\\auth\\strategies\\jwt.strategy.ts": {"path":"C:\\Users\\tharu\\Downloads\\jobqueue-saas\\backend\\src\\modules\\auth\\strategies\\jwt.strategy.ts","statementMap":{"0":{"start":{"line":1,"column":0},"end":{"line":1,"column":67}},"1":{"start":{"line":2,"column":0},"end":{"line":2,"column":47}},"2":{"start":{"line":3,"column":0},"end":{"line":3,"column":52}},"3":{"start":{"line":4,"column":0},"end":{"line":4,"column":52}},"4":{"start":{"line":5,"column":0},"end":{"line":5,"column":63}},"5":{"start":{"line":13,"column":7},"end":{"line":34,"column":null}},"6":{"start":{"line":18,"column":4},"end":{"line":22,"column":7}},"7":{"start":{"line":15,"column":21},"end":{"line":15,"column":36}},"8":{"start":{"line":16,"column":21},"end":{"line":16,"column":29}},"9":{"start":{"line":26,"column":17},"end":{"line":26,"column":82}},"10":{"start":{"line":28,"column":4},"end":{"line":30,"column":5}},"11":{"start":{"line":29,"column":6},"end":{"line":29,"column":78}},"12":{"start":{"line":32,"column":4},"end":{"line":32,"column":46}},"13":{"start":{"line":13,"column":13},"end":{"line":13,"column":24}},"14":{"start":{"line":13,"column":13},"end":{"line":34,"column":null}}},"fnMap":{"0":{"name":"(anonymous_2)","decl":{"start":{"line":14,"column":2},"end":{"line":14,"column":null}},"loc":{"start":{"line":16,"column":42},"end":{"line":23,"column":3}}},"1":{"name":"(anonymous_3)","decl":{"start":{"line":25,"column":2},"end":{"line":25,"column":7}},"loc":{"start":{"line":25,"column":36},"end":{"line":33,"column":3}}}},"branchMap":{"0":{"loc":{"start":{"line":28,"column":4},"end":{"line":30,"column":5}},"type":"if","locations":[{"start":{"line":28,"column":4},"end":{"line":30,"column":5}}]},"1":{"loc":{"start":{"line":28,"column":8},"end":{"line":28,"column":31}},"type":"binary-expr","locations":[{"start":{"line":28,"column":8},"end":{"line":28,"column":13}},{"start":{"line":28,"column":17},"end":{"line":28,"column":31}}]}},"s":{"0":0,"1":0,"2":0,"3":0,"4":0,"5":0,"6":0,"7":0,"8":0,"9":0,"10":0,"11":0,"12":0,"13":0,"14":0},"f":{"0":0,"1":0},"b":{"0":[0],"1":[0,0]}}
,"C:\\Users\\tharu\\Downloads\\jobqueue-saas\\backend\\src\\modules\\dashboard\\dashboard.controller.ts": {"path":"C:\\Users\\tharu\\Downloads\\jobqueue-saas\\backend\\src\\modules\\dashboard\\dashboard.controller.ts","statementMap":{"0":{"start":{"line":1,"column":0},"end":{"line":1,"column":71}},"1":{"start":{"line":2,"column":0},"end":{"line":2,"column":55}},"2":{"start":{"line":5,"column":7},"end":{"line":13,"column":null}},"3":{"start":{"line":6,"column":31},"end":{"line":6,"column":49}},"4":{"start":{"line":11,"column":4},"end":{"line":11,"column":46}},"5":{"start":{"line":5,"column":13},"end":{"line":5,"column":32}},"6":{"start":{"line":10,"column":8},"end":{"line":12,"column":null}},"7":{"start":{"line":5,"column":13},"end":{"line":13,"column":null}}},"fnMap":{"0":{"name":"(anonymous_2)","decl":{"start":{"line":6,"column":2},"end":{"line":6,"column":31}},"loc":{"start":{"line":6,"column":65},"end":{"line":6,"column":69}}},"1":{"name":"(anonymous_3)","decl":{"start":{"line":10,"column":2},"end":{"line":10,"column":7}},"loc":{"start":{"line":10,"column":18},"end":{"line":12,"column":3}}}},"branchMap":{},"s":{"0":0,"1":0,"2":0,"3":0,"4":0,"5":0,"6":0,"7":0},"f":{"0":0,"1":0},"b":{}}
,"C:\\Users\\tharu\\Downloads\\jobqueue-saas\\backend\\src\\modules\\dashboard\\dashboard.module.ts": {"path":"C:\\Users\\tharu\\Downloads\\jobqueue-saas\\backend\\src\\modules\\dashboard\\dashboard.module.ts","statementMap":{"0":{"start":{"line":1,"column":0},"end":{"line":1,"column":40}},"1":{"start":{"line":2,"column":0},"end":{"line":2,"column":61}},"2":{"start":{"line":3,"column":0},"end":{"line":3,"column":55}},"3":{"start":{"line":9,"column":7},"end":{"line":9,"column":null}},"4":{"start":{"line":9,"column":13},"end":{"line":9,"column":28}},"5":{"start":{"line":9,"column":13},"end":{"line":9,"column":null}}},"fnMap":{},"branchMap":{},"s":{"0":0,"1":0,"2":0,"3":0,"4":0,"5":0},"f":{},"b":{}}
,"C:\\Users\\tharu\\Downloads\\jobqueue-saas\\backend\\src\\modules\\dashboard\\dashboard.service.ts": {"path":"C:\\Users\\tharu\\Downloads\\jobqueue-saas\\backend\\src\\modules\\dashboard\\dashboard.service.ts","statementMap":{"0":{"start":{"line":1,"column":0},"end":{"line":1,"column":44}},"1":{"start":{"line":2,"column":0},"end":{"line":2,"column":60}},"2":{"start":{"line":5,"column":7},"end":{"line":55,"column":null}},"3":{"start":{"line":6,"column":31},"end":{"line":6,"column":39}},"4":{"start":{"line":18,"column":8},"end":{"line":37,"column":6}},"5":{"start":{"line":39,"column":46},"end":{"line":39,"column":48}},"6":{"start":{"line":40,"column":4},"end":{"line":42,"column":5}},"7":{"start":{"line":41,"column":6},"end":{"line":41,"column":45}},"8":{"start":{"line":44,"column":4},"end":{"line":53,"column":6}},"9":{"start":{"line":5,"column":13},"end":{"line":5,"column":29}},"10":{"start":{"line":5,"column":13},"end":{"line":55,"column":null}}},"fnMap":{"0":{"name":"(anonymous_2)","decl":{"start":{"line":6,"column":2},"end":{"line":6,"column":31}},"loc":{"start":{"line":6,"column":52},"end":{"line":6,"column":56}}},"1":{"name":"(anonymous_3)","decl":{"start":{"line":8,"column":2},"end":{"line":8,"column":7}},"loc":{"start":{"line":8,"column":18},"end":{"line":54,"column":3}}}},"branchMap":{},"s":{"0":0,"1":0,"2":0,"3":0,"4":0,"5":0,"6":0,"7":0,"8":0,"9":0,"10":0},"f":{"0":0,"1":0},"b":{}}
,"C:\\Users\\tharu\\Downloads\\jobqueue-saas\\backend\\src\\modules\\events\\events.gateway.ts": {"path":"C:\\Users\\tharu\\Downloads\\jobqueue-saas\\backend\\src\\modules\\events\\events.gateway.ts","statementMap":{"0":{"start":{"line":1,"column":0},"end":{"line":1,"column":null}},"1":{"start":{"line":7,"column":0},"end":{"line":7,"column":43}},"2":{"start":{"line":13,"column":7},"end":{"line":50,"column":null}},"3":{"start":{"line":18,"column":18},"end":{"line":18,"column":56}},"4":{"start":{"line":19,"column":4},"end":{"line":22,"column":5}},"5":{"start":{"line":20,"column":6},"end":{"line":20,"column":26}},"6":{"start":{"line":21,"column":6},"end":{"line":21,"column":13}},"7":{"start":{"line":25,"column":20},"end":{"line":25,"column":60}},"8":{"start":{"line":26,"column":4},"end":{"line":28,"column":5}},"9":{"start":{"line":27,"column":6},"end":{"line":27,"column":36}},"10":{"start":{"line":36,"column":4},"end":{"line":36,"column":42}},"11":{"start":{"line":40,"column":4},"end":{"line":40,"column":42}},"12":{"start":{"line":44,"column":4},"end":{"line":44,"column":44}},"13":{"start":{"line":48,"column":4},"end":{"line":48,"column":47}},"14":{"start":{"line":13,"column":13},"end":{"line":13,"column":26}},"15":{"start":{"line":15,"column":2},"end":{"line":15,"column":null}},"16":{"start":{"line":13,"column":13},"end":{"line":50,"column":null}}},"fnMap":{"0":{"name":"(anonymous_2)","decl":{"start":{"line":17,"column":2},"end":{"line":17,"column":18}},"loc":{"start":{"line":17,"column":33},"end":{"line":29,"column":3}}},"1":{"name":"(anonymous_3)","decl":{"start":{"line":31,"column":2},"end":{"line":31,"column":18}},"loc":{"start":{"line":31,"column":34},"end":{"line":33,"column":3}}},"2":{"name":"(anonymous_4)","decl":{"start":{"line":35,"column":2},"end":{"line":35,"column":16}},"loc":{"start":{"line":35,"column":52},"end":{"line":37,"column":3}}},"3":{"name":"(anonymous_5)","decl":{"start":{"line":39,"column":2},"end":{"line":39,"column":16}},"loc":{"start":{"line":39,"column":73},"end":{"line":41,"column":3}}},"4":{"name":"(anonymous_6)","decl":{"start":{"line":43,"column":2},"end":{"line":43,"column":18}},"loc":{"start":{"line":43,"column":60},"end":{"line":45,"column":3}}},"5":{"name":"(anonymous_7)","decl":{"start":{"line":47,"column":2},"end":{"line":47,"column":21}},"loc":{"start":{"line":47,"column":64},"end":{"line":49,"column":3}}}},"branchMap":{"0":{"loc":{"start":{"line":19,"column":4},"end":{"line":22,"column":5}},"type":"if","locations":[{"start":{"line":19,"column":4},"end":{"line":22,"column":5}}]},"1":{"loc":{"start":{"line":26,"column":4},"end":{"line":28,"column":5}},"type":"if","locations":[{"start":{"line":26,"column":4},"end":{"line":28,"column":5}}]}},"s":{"0":0,"1":0,"2":0,"3":0,"4":0,"5":0,"6":0,"7":0,"8":0,"9":0,"10":0,"11":0,"12":0,"13":0,"14":0,"15":0,"16":0},"f":{"0":0,"1":0,"2":0,"3":0,"4":0,"5":0},"b":{"0":[0],"1":[0]}}
,"C:\\Users\\tharu\\Downloads\\jobqueue-saas\\backend\\src\\modules\\events\\events.module.ts": {"path":"C:\\Users\\tharu\\Downloads\\jobqueue-saas\\backend\\src\\modules\\events\\events.module.ts","statementMap":{"0":{"start":{"line":1,"column":0},"end":{"line":1,"column":40}},"1":{"start":{"line":2,"column":0},"end":{"line":2,"column":49}},"2":{"start":{"line":8,"column":7},"end":{"line":8,"column":null}},"3":{"start":{"line":8,"column":13},"end":{"line":8,"column":25}},"4":{"start":{"line":8,"column":13},"end":{"line":8,"column":null}}},"fnMap":{},"branchMap":{},"s":{"0":0,"1":0,"2":0,"3":0,"4":0},"f":{},"b":{}}
,"C:\\Users\\tharu\\Downloads\\jobqueue-saas\\backend\\src\\modules\\health\\health.controller.ts": {"path":"C:\\Users\\tharu\\Downloads\\jobqueue-saas\\backend\\src\\modules\\health\\health.controller.ts","statementMap":{"0":{"start":{"line":1,"column":0},"end":{"line":1,"column":49}},"1":{"start":{"line":2,"column":0},"end":{"line":2,"column":66}},"2":{"start":{"line":3,"column":0},"end":{"line":3,"column":60}},"3":{"start":{"line":4,"column":0},"end":{"line":4,"column":57}},"4":{"start":{"line":7,"column":7},"end":{"line":45,"column":null}},"5":{"start":{"line":9,"column":21},"end":{"line":9,"column":29}},"6":{"start":{"line":10,"column":21},"end":{"line":10,"column":28}},"7":{"start":{"line":16,"column":28},"end":{"line":16,"column":82}},"8":{"start":{"line":18,"column":4},"end":{"line":25,"column":6}},"9":{"start":{"line":29,"column":4},"end":{"line":34,"column":5}},"10":{"start":{"line":30,"column":6},"end":{"line":30,"column":44}},"11":{"start":{"line":31,"column":6},"end":{"line":31,"column":18}},"12":{"start":{"line":33,"column":6},"end":{"line":33,"column":19}},"13":{"start":{"line":38,"column":4},"end":{"line":43,"column":5}},"14":{"start":{"line":39,"column":19},"end":{"line":39,"column":54}},"15":{"start":{"line":40,"column":6},"end":{"line":40,"column":29}},"16":{"start":{"line":42,"column":6},"end":{"line":42,"column":19}},"17":{"start":{"line":7,"column":13},"end":{"line":7,"column":29}},"18":{"start":{"line":15,"column":8},"end":{"line":26,"column":null}},"19":{"start":{"line":7,"column":13},"end":{"line":45,"column":null}}},"fnMap":{"0":{"name":"(anonymous_2)","decl":{"start":{"line":8,"column":2},"end":{"line":8,"column":null}},"loc":{"start":{"line":10,"column":40},"end":{"line":11,"column":6}}},"1":{"name":"(anonymous_3)","decl":{"start":{"line":15,"column":2},"end":{"line":15,"column":7}},"loc":{"start":{"line":15,"column":13},"end":{"line":26,"column":3}}},"2":{"name":"(anonymous_4)","decl":{"start":{"line":28,"column":10},"end":{"line":28,"column":15}},"loc":{"start":{"line":28,"column":23},"end":{"line":35,"column":3}}},"3":{"name":"(anonymous_5)","decl":{"start":{"line":37,"column":10},"end":{"line":37,"column":15}},"loc":{"start":{"line":37,"column":26},"end":{"line":44,"column":3}}}},"branchMap":{"0":{"loc":{"start":{"line":19,"column":14},"end":{"line":19,"column":49}},"type":"cond-expr","locations":[{"start":{"line":19,"column":32},"end":{"line":19,"column":36}},{"start":{"line":19,"column":39},"end":{"line":19,"column":49}}]},"1":{"loc":{"start":{"line":19,"column":14},"end":{"line":19,"column":29}},"type":"binary-expr","locations":[{"start":{"line":19,"column":14},"end":{"line":19,"column":18}},{"start":{"line":19,"column":22},"end":{"line":19,"column":29}}]},"2":{"loc":{"start":{"line":21,"column":18},"end":{"line":21,"column":38}},"type":"cond-expr","locations":[{"start":{"line":21,"column":25},"end":{"line":21,"column":29}},{"start":{"line":21,"column":32},"end":{"line":21,"column":38}}]},"3":{"loc":{"start":{"line":22,"column":15},"end":{"line":22,"column":38}},"type":"cond-expr","locations":[{"start":{"line":22,"column":25},"end":{"line":22,"column":29}},{"start":{"line":22,"column":32},"end":{"line":22,"column":38}}]}},"s":{"0":0,"1":0,"2":0,"3":0,"4":0,"5":0,"6":0,"7":0,"8":0,"9":0,"10":0,"11":0,"12":0,"13":0,"14":0,"15":0,"16":0,"17":0,"18":0,"19":0},"f":{"0":0,"1":0,"2":0,"3":0},"b":{"0":[0,0],"1":[0,0],"2":[0,0],"3":[0,0]}}
,"C:\\Users\\tharu\\Downloads\\jobqueue-saas\\backend\\src\\modules\\health\\health.module.ts": {"path":"C:\\Users\\tharu\\Downloads\\jobqueue-saas\\backend\\src\\modules\\health\\health.module.ts","statementMap":{"0":{"start":{"line":1,"column":0},"end":{"line":1,"column":40}},"1":{"start":{"line":2,"column":0},"end":{"line":2,"column":55}},"2":{"start":{"line":7,"column":7},"end":{"line":7,"column":null}},"3":{"start":{"line":7,"column":13},"end":{"line":7,"column":25}},"4":{"start":{"line":7,"column":13},"end":{"line":7,"column":null}}},"fnMap":{},"branchMap":{},"s":{"0":0,"1":0,"2":0,"3":0,"4":0},"f":{},"b":{}}
,"C:\\Users\\tharu\\Downloads\\jobqueue-saas\\backend\\src\\modules\\jobs\\jobs.controller.ts": {"path":"C:\\Users\\tharu\\Downloads\\jobqueue-saas\\backend\\src\\modules\\jobs\\jobs.controller.ts","statementMap":{"0":{"start":{"line":1,"column":0},"end":{"line":1,"column":null}},"1":{"start":{"line":14,"column":0},"end":{"line":14,"column":61}},"2":{"start":{"line":15,"column":0},"end":{"line":15,"column":64}},"3":{"start":{"line":16,"column":0},"end":{"line":16,"column":45}},"4":{"start":{"line":17,"column":0},"end":{"line":17,"column":52}},"5":{"start":{"line":18,"column":0},"end":{"line":18,"column":50}},"6":{"start":{"line":19,"column":0},"end":{"line":19,"column":60}},"7":{"start":{"line":22,"column":7},"end":{"line":121,"column":null}},"8":{"start":{"line":24,"column":21},"end":{"line":24,"column":34}},"9":{"start":{"line":25,"column":21},"end":{"line":25,"column":29}},"10":{"start":{"line":29,"column":16},"end":{"line":29,"column":78}},"11":{"start":{"line":30,"column":4},"end":{"line":30,"column":68}},"12":{"start":{"line":30,"column":14},"end":{"line":30,"column":68}},"13":{"start":{"line":31,"column":20},"end":{"line":33,"column":6}},"14":{"start":{"line":34,"column":4},"end":{"line":34,"column":67}},"15":{"start":{"line":34,"column":18},"end":{"line":34,"column":67}},"16":{"start":{"line":35,"column":18},"end":{"line":37,"column":6}},"17":{"start":{"line":38,"column":4},"end":{"line":38,"column":63}},"18":{"start":{"line":38,"column":16},"end":{"line":38,"column":63}},"19":{"start":{"line":39,"column":4},"end":{"line":39,"column":20}},"20":{"start":{"line":52,"column":20},"end":{"line":52,"column":70}},"21":{"start":{"line":53,"column":4},"end":{"line":53,"column":49}},"22":{"start":{"line":64,"column":20},"end":{"line":64,"column":70}},"23":{"start":{"line":65,"column":4},"end":{"line":65,"column":52}},"24":{"start":{"line":76,"column":4},"end":{"line":76,"column":55}},"25":{"start":{"line":77,"column":4},"end":{"line":77,"column":44}},"26":{"start":{"line":90,"column":4},"end":{"line":90,"column":55}},"27":{"start":{"line":91,"column":4},"end":{"line":91,"column":41}},"28":{"start":{"line":104,"column":4},"end":{"line":104,"column":55}},"29":{"start":{"line":105,"column":4},"end":{"line":105,"column":42}},"30":{"start":{"line":118,"column":4},"end":{"line":118,"column":55}},"31":{"start":{"line":119,"column":4},"end":{"line":119,"column":41}},"32":{"start":{"line":22,"column":13},"end":{"line":22,"column":27}},"33":{"start":{"line":46,"column":8},"end":{"line":54,"column":null}},"34":{"start":{"line":58,"column":8},"end":{"line":66,"column":null}},"35":{"start":{"line":70,"column":8},"end":{"line":78,"column":null}},"36":{"start":{"line":84,"column":8},"end":{"line":92,"column":null}},"37":{"start":{"line":98,"column":8},"end":{"line":106,"column":null}},"38":{"start":{"line":112,"column":8},"end":{"line":120,"column":null}},"39":{"start":{"line":22,"column":13},"end":{"line":121,"column":null}}},"fnMap":{"0":{"name":"(anonymous_4)","decl":{"start":{"line":23,"column":2},"end":{"line":23,"column":null}},"loc":{"start":{"line":25,"column":42},"end":{"line":26,"column":6}}},"1":{"name":"(anonymous_5)","decl":{"start":{"line":28,"column":10},"end":{"line":28,"column":15}},"loc":{"start":{"line":28,"column":78},"end":{"line":40,"column":3}}},"2":{"name":"(anonymous_6)","decl":{"start":{"line":46,"column":2},"end":{"line":46,"column":7}},"loc":{"start":{"line":50,"column":29},"end":{"line":54,"column":3}}},"3":{"name":"(anonymous_7)","decl":{"start":{"line":58,"column":2},"end":{"line":58,"column":7}},"loc":{"start":{"line":62,"column":31},"end":{"line":66,"column":3}}},"4":{"name":"(anonymous_8)","decl":{"start":{"line":70,"column":2},"end":{"line":70,"column":7}},"loc":{"start":{"line":74,"column":33},"end":{"line":78,"column":3}}},"5":{"name":"(anonymous_9)","decl":{"start":{"line":84,"column":2},"end":{"line":84,"column":7}},"loc":{"start":{"line":88,"column":33},"end":{"line":92,"column":3}}},"6":{"name":"(anonymous_10)","decl":{"start":{"line":98,"column":2},"end":{"line":98,"column":7}},"loc":{"start":{"line":102,"column":33},"end":{"line":106,"column":3}}},"7":{"name":"(anonymous_11)","decl":{"start":{"line":112,"column":2},"end":{"line":112,"column":7}},"loc":{"start":{"line":116,"column":33},"end":{"line":120,"column":3}}}},"branchMap":{"0":{"loc":{"start":{"line":30,"column":4},"end":{"line":30,"column":68}},"type":"if","locations":[{"start":{"line":30,"column":4},"end":{"line":30,"column":68}}]},"1":{"loc":{"start":{"line":34,"column":4},"end":{"line":34,"column":67}},"type":"if","locations":[{"start":{"line":34,"column":4},"end":{"line":34,"column":67}}]},"2":{"loc":{"start":{"line":38,"column":4},"end":{"line":38,"column":63}},"type":"if","locations":[{"start":{"line":38,"column":4},"end":{"line":38,"column":63}}]}},"s":{"0":0,"1":0,"2":0,"3":0,"4":0,"5":0,"6":0,"7":0,"8":0,"9":0,"10":0,"11":0,"12":0,"13":0,"14":0,"15":0,"16":0,"17":0,"18":0,"19":0,"20":0,"21":0,"22":0,"23":0,"24":0,"25":0,"26":0,"27":0,"28":0,"29":0,"30":0,"31":0,"32":0,"33":0,"34":0,"35":0,"36":0,"37":0,"38":0,"39":0},"f":{"0":0,"1":0,"2":0,"3":0,"4":0,"5":0,"6":0,"7":0},"b":{"0":[0],"1":[0],"2":[0]}}
,"C:\\Users\\tharu\\Downloads\\jobqueue-saas\\backend\\src\\modules\\jobs\\jobs.service.ts": {"path":"C:\\Users\\tharu\\Downloads\\jobqueue-saas\\backend\\src\\modules\\jobs\\jobs.service.ts","statementMap":{"0":{"start":{"line":1,"column":0},"end":{"line":1,"column":84}},"1":{"start":{"line":2,"column":0},"end":{"line":2,"column":60}},"2":{"start":{"line":7,"column":7},"end":{"line":123,"column":null}},"3":{"start":{"line":8,"column":31},"end":{"line":8,"column":39}},"4":{"start":{"line":11,"column":18},"end":{"line":11,"column":80}},"5":{"start":{"line":12,"column":4},"end":{"line":12,"column":63}},"6":{"start":{"line":12,"column":16},"end":{"line":12,"column":63}},"7":{"start":{"line":13,"column":4},"end":{"line":13,"column":84}},"8":{"start":{"line":13,"column":35},"end":{"line":13,"column":84}},"9":{"start":{"line":15,"column":4},"end":{"line":20,"column":5}},"10":{"start":{"line":16,"column":23},"end":{"line":18,"column":8}},"11":{"start":{"line":19,"column":6},"end":{"line":19,"column":98}},"12":{"start":{"line":19,"column":20},"end":{"line":19,"column":98}},"13":{"start":{"line":22,"column":17},"end":{"line":22,"column":40}},"14":{"start":{"line":25,"column":4},"end":{"line":28,"column":5}},"15":{"start":{"line":26,"column":6},"end":{"line":26,"column":34}},"16":{"start":{"line":27,"column":6},"end":{"line":27,"column":92}},"17":{"start":{"line":27,"column":31},"end":{"line":27,"column":92}},"18":{"start":{"line":29,"column":4},"end":{"line":31,"column":5}},"19":{"start":{"line":30,"column":6},"end":{"line":30,"column":79}},"20":{"start":{"line":32,"column":4},"end":{"line":34,"column":5}},"21":{"start":{"line":33,"column":6},"end":{"line":33,"column":79}},"22":{"start":{"line":36,"column":19},"end":{"line":36,"column":99}},"23":{"start":{"line":38,"column":4},"end":{"line":52,"column":7}},"24":{"start":{"line":56,"column":93},"end":{"line":56,"column":98}},"25":{"start":{"line":57,"column":17},"end":{"line":57,"column":35}},"26":{"start":{"line":59,"column":23},"end":{"line":59,"column":34}},"27":{"start":{"line":60,"column":4},"end":{"line":60,"column":38}},"28":{"start":{"line":60,"column":16},"end":{"line":60,"column":38}},"29":{"start":{"line":61,"column":4},"end":{"line":61,"column":32}},"30":{"start":{"line":61,"column":14},"end":{"line":61,"column":32}},"31":{"start":{"line":63,"column":26},"end":{"line":72,"column":6}},"32":{"start":{"line":74,"column":4},"end":{"line":74,"column":78}},"33":{"start":{"line":78,"column":16},"end":{"line":84,"column":6}},"34":{"start":{"line":85,"column":4},"end":{"line":85,"column":59}},"35":{"start":{"line":85,"column":14},"end":{"line":85,"column":59}},"36":{"start":{"line":86,"column":4},"end":{"line":86,"column":15}},"37":{"start":{"line":90,"column":16},"end":{"line":90,"column":39}},"38":{"start":{"line":91,"column":4},"end":{"line":91,"column":98}},"39":{"start":{"line":91,"column":33},"end":{"line":91,"column":98}},"40":{"start":{"line":93,"column":4},"end":{"line":104,"column":7}},"41":{"start":{"line":108,"column":16},"end":{"line":108,"column":39}},"42":{"start":{"line":109,"column":4},"end":{"line":111,"column":5}},"43":{"start":{"line":110,"column":6},"end":{"line":110,"column":86}},"44":{"start":{"line":113,"column":4},"end":{"line":116,"column":7}},"45":{"start":{"line":120,"column":4},"end":{"line":120,"column":28}},"46":{"start":{"line":121,"column":4},"end":{"line":121,"column":52}},"47":{"start":{"line":7,"column":13},"end":{"line":7,"column":24}},"48":{"start":{"line":7,"column":13},"end":{"line":123,"column":null}}},"fnMap":{"0":{"name":"(anonymous_2)","decl":{"start":{"line":8,"column":2},"end":{"line":8,"column":31}},"loc":{"start":{"line":8,"column":52},"end":{"line":8,"column":56}}},"1":{"name":"(anonymous_3)","decl":{"start":{"line":10,"column":2},"end":{"line":10,"column":7}},"loc":{"start":{"line":10,"column":49},"end":{"line":53,"column":3}}},"2":{"name":"(anonymous_4)","decl":{"start":{"line":55,"column":2},"end":{"line":55,"column":7}},"loc":{"start":{"line":55,"column":51},"end":{"line":75,"column":3}}},"3":{"name":"(anonymous_5)","decl":{"start":{"line":77,"column":2},"end":{"line":77,"column":7}},"loc":{"start":{"line":77,"column":27},"end":{"line":87,"column":3}}},"4":{"name":"(anonymous_6)","decl":{"start":{"line":89,"column":2},"end":{"line":89,"column":7}},"loc":{"start":{"line":89,"column":24},"end":{"line":105,"column":3}}},"5":{"name":"(anonymous_7)","decl":{"start":{"line":107,"column":2},"end":{"line":107,"column":7}},"loc":{"start":{"line":107,"column":25},"end":{"line":117,"column":3}}},"6":{"name":"(anonymous_8)","decl":{"start":{"line":119,"column":2},"end":{"line":119,"column":7}},"loc":{"start":{"line":119,"column":25},"end":{"line":122,"column":3}}}},"branchMap":{"0":{"loc":{"start":{"line":12,"column":4},"end":{"line":12,"column":63}},"type":"if","locations":[{"start":{"line":12,"column":4},"end":{"line":12,"column":63}}]},"1":{"loc":{"start":{"line":13,"column":4},"end":{"line":13,"column":84}},"type":"if","locations":[{"start":{"line":13,"column":4},"end":{"line":13,"column":84}}]},"2":{"loc":{"start":{"line":15,"column":4},"end":{"line":20,"column":5}},"type":"if","locations":[{"start":{"line":15,"column":4},"end":{"line":20,"column":5}}]},"3":{"loc":{"start":{"line":19,"column":6},"end":{"line":19,"column":98}},"type":"if","locations":[{"start":{"line":19,"column":6},"end":{"line":19,"column":98}}]},"4":{"loc":{"start":{"line":22,"column":17},"end":{"line":22,"column":40}},"type":"binary-expr","locations":[{"start":{"line":22,"column":17},"end":{"line":22,"column":25}},{"start":{"line":22,"column":29},"end":{"line":22,"column":40}}]},"5":{"loc":{"start":{"line":25,"column":4},"end":{"line":28,"column":5}},"type":"if","locations":[{"start":{"line":25,"column":4},"end":{"line":28,"column":5}}]},"6":{"loc":{"start":{"line":25,"column":8},"end":{"line":25,"column":39}},"type":"binary-expr","locations":[{"start":{"line":25,"column":8},"end":{"line":25,"column":26}},{"start":{"line":25,"column":30},"end":{"line":25,"column":39}}]},"7":{"loc":{"start":{"line":27,"column":6},"end":{"line":27,"column":92}},"type":"if","locations":[{"start":{"line":27,"column":6},"end":{"line":27,"column":92}}]},"8":{"loc":{"start":{"line":29,"column":4},"end":{"line":31,"column":5}},"type":"if","locations":[{"start":{"line":29,"column":4},"end":{"line":31,"column":5}}]},"9":{"loc":{"start":{"line":29,"column":8},"end":{"line":29,"column":51}},"type":"binary-expr","locations":[{"start":{"line":29,"column":8},"end":{"line":29,"column":28}},{"start":{"line":29,"column":32},"end":{"line":29,"column":51}}]},"10":{"loc":{"start":{"line":32,"column":4},"end":{"line":34,"column":5}},"type":"if","locations":[{"start":{"line":32,"column":4},"end":{"line":34,"column":5}}]},"11":{"loc":{"start":{"line":32,"column":8},"end":{"line":32,"column":51}},"type":"binary-expr","locations":[{"start":{"line":32,"column":8},"end":{"line":32,"column":28}},{"start":{"line":32,"column":32},"end":{"line":32,"column":51}}]},"12":{"loc":{"start":{"line":36,"column":19},"end":{"line":36,"column":99}},"type":"cond-expr","locations":[{"start":{"line":36,"column":42},"end":{"line":36,"column":50}},{"start":{"line":36,"column":53},"end":{"line":36,"column":99}}]},"13":{"loc":{"start":{"line":36,"column":53},"end":{"line":36,"column":99}},"type":"cond-expr","locations":[{"start":{"line":36,"column":74},"end":{"line":36,"column":85}},{"start":{"line":36,"column":88},"end":{"line":36,"column":99}}]},"14":{"loc":{"start":{"line":44,"column":18},"end":{"line":44,"column":35}},"type":"binary-expr","locations":[{"start":{"line":44,"column":18},"end":{"line":44,"column":30}},{"start":{"line":44,"column":34},"end":{"line":44,"column":35}}]},"15":{"loc":{"start":{"line":45,"column":20},"end":{"line":45,"column":54}},"type":"binary-expr","locations":[{"start":{"line":45,"column":20},"end":{"line":45,"column":34}},{"start":{"line":45,"column":38},"end":{"line":45,"column":54}}]},"16":{"loc":{"start":{"line":56,"column":26},"end":{"line":56,"column":34}},"type":"default-arg","locations":[{"start":{"line":56,"column":33},"end":{"line":56,"column":34}}]},"17":{"loc":{"start":{"line":56,"column":36},"end":{"line":56,"column":46}},"type":"default-arg","locations":[{"start":{"line":56,"column":44},"end":{"line":56,"column":46}}]},"18":{"loc":{"start":{"line":56,"column":48},"end":{"line":56,"column":68}},"type":"default-arg","locations":[{"start":{"line":56,"column":57},"end":{"line":56,"column":68}}]},"19":{"loc":{"start":{"line":56,"column":70},"end":{"line":56,"column":88}},"type":"default-arg","locations":[{"start":{"line":56,"column":82},"end":{"line":56,"column":88}}]},"20":{"loc":{"start":{"line":60,"column":4},"end":{"line":60,"column":38}},"type":"if","locations":[{"start":{"line":60,"column":4},"end":{"line":60,"column":38}}]},"21":{"loc":{"start":{"line":61,"column":4},"end":{"line":61,"column":32}},"type":"if","locations":[{"start":{"line":61,"column":4},"end":{"line":61,"column":32}}]},"22":{"loc":{"start":{"line":85,"column":4},"end":{"line":85,"column":59}},"type":"if","locations":[{"start":{"line":85,"column":4},"end":{"line":85,"column":59}}]},"23":{"loc":{"start":{"line":91,"column":4},"end":{"line":91,"column":98}},"type":"if","locations":[{"start":{"line":91,"column":4},"end":{"line":91,"column":98}}]},"24":{"loc":{"start":{"line":109,"column":4},"end":{"line":111,"column":5}},"type":"if","locations":[{"start":{"line":109,"column":4},"end":{"line":111,"column":5}}]}},"s":{"0":1,"1":1,"2":1,"3":2,"4":2,"5":2,"6":1,"7":1,"8":0,"9":1,"10":0,"11":0,"12":0,"13":1,"14":1,"15":0,"16":0,"17":0,"18":1,"19":0,"20":1,"21":0,"22":1,"23":1,"24":0,"25":0,"26":0,"27":0,"28":0,"29":0,"30":0,"31":0,"32":0,"33":0,"34":0,"35":0,"36":0,"37":0,"38":0,"39":0,"40":0,"41":0,"42":0,"43":0,"44":0,"45":0,"46":0,"47":1,"48":1},"f":{"0":2,"1":2,"2":0,"3":0,"4":0,"5":0,"6":0},"b":{"0":[1],"1":[0],"2":[0],"3":[0],"4":[1,1],"5":[0],"6":[1,0],"7":[0],"8":[0],"9":[1,0],"10":[0],"11":[1,0],"12":[1,0],"13":[0,0],"14":[1,1],"15":[1,1],"16":[0],"17":[0],"18":[0],"19":[0],"20":[0],"21":[0],"22":[0],"23":[0],"24":[0]}}
,"C:\\Users\\tharu\\Downloads\\jobqueue-saas\\backend\\src\\modules\\jobs\\dto\\create-job.dto.ts": {"path":"C:\\Users\\tharu\\Downloads\\jobqueue-saas\\backend\\src\\modules\\jobs\\dto\\create-job.dto.ts","statementMap":{"0":{"start":{"line":1,"column":0},"end":{"line":1,"column":88}},"1":{"start":{"line":3,"column":0},"end":{"line":3,"column":13}},"2":{"start":{"line":7,"column":2},"end":{"line":7,"column":null}},"3":{"start":{"line":10,"column":2},"end":{"line":10,"column":null}},"4":{"start":{"line":16,"column":2},"end":{"line":16,"column":null}},"5":{"start":{"line":22,"column":2},"end":{"line":22,"column":null}},"6":{"start":{"line":26,"column":2},"end":{"line":26,"column":null}},"7":{"start":{"line":30,"column":2},"end":{"line":30,"column":null}},"8":{"start":{"line":34,"column":2},"end":{"line":34,"column":null}},"9":{"start":{"line":38,"column":2},"end":{"line":38,"column":null}},"10":{"start":{"line":42,"column":2},"end":{"line":42,"column":null}}},"fnMap":{},"branchMap":{},"s":{"0":0,"1":0,"2":0,"3":0,"4":0,"5":0,"6":0,"7":0,"8":0,"9":0,"10":0},"f":{},"b":{}}
,"C:\\Users\\tharu\\Downloads\\jobqueue-saas\\backend\\src\\modules\\jobs\\dto\\job-query.dto.ts": {"path":"C:\\Users\\tharu\\Downloads\\jobqueue-saas\\backend\\src\\modules\\jobs\\dto\\job-query.dto.ts","statementMap":{"0":{"start":{"line":1,"column":0},"end":{"line":1,"column":66}},"1":{"start":{"line":2,"column":0},"end":{"line":2,"column":78}},"2":{"start":{"line":4,"column":0},"end":{"line":4,"column":13}},"3":{"start":{"line":8,"column":2},"end":{"line":8,"column":null}},"4":{"start":{"line":13,"column":2},"end":{"line":13,"column":null}}},"fnMap":{},"branchMap":{},"s":{"0":0,"1":0,"2":0,"3":0,"4":0},"f":{},"b":{}}
,"C:\\Users\\tharu\\Downloads\\jobqueue-saas\\backend\\src\\modules\\organizations\\organizations.controller.ts": {"path":"C:\\Users\\tharu\\Downloads\\jobqueue-saas\\backend\\src\\modules\\organizations\\organizations.controller.ts","statementMap":{"0":{"start":{"line":1,"column":0},"end":{"line":1,"column":null}},"1":{"start":{"line":13,"column":0},"end":{"line":13,"column":64}},"2":{"start":{"line":14,"column":0},"end":{"line":14,"column":77}},"3":{"start":{"line":15,"column":0},"end":{"line":15,"column":63}},"4":{"start":{"line":16,"column":0},"end":{"line":16,"column":70}},"5":{"start":{"line":17,"column":0},"end":{"line":17,"column":70}},"6":{"start":{"line":18,"column":0},"end":{"line":18,"column":58}},"7":{"start":{"line":19,"column":0},"end":{"line":19,"column":67}},"8":{"start":{"line":20,"column":0},"end":{"line":20,"column":61}},"9":{"start":{"line":23,"column":7},"end":{"line":106,"column":null}},"10":{"start":{"line":24,"column":31},"end":{"line":24,"column":53}},"11":{"start":{"line":29,"column":4},"end":{"line":29,"column":57}},"12":{"start":{"line":35,"column":4},"end":{"line":35,"column":53}},"13":{"start":{"line":41,"column":4},"end":{"line":41,"column":62}},"14":{"start":{"line":53,"column":4},"end":{"line":53,"column":63}},"15":{"start":{"line":61,"column":4},"end":{"line":61,"column":57}},"16":{"start":{"line":67,"column":4},"end":{"line":67,"column":62}},"17":{"start":{"line":79,"column":4},"end":{"line":79,"column":69}},"18":{"start":{"line":92,"column":4},"end":{"line":92,"column":83}},"19":{"start":{"line":104,"column":4},"end":{"line":104,"column":73}},"20":{"start":{"line":23,"column":13},"end":{"line":23,"column":36}},"21":{"start":{"line":28,"column":8},"end":{"line":30,"column":null}},"22":{"start":{"line":34,"column":8},"end":{"line":36,"column":null}},"23":{"start":{"line":40,"column":8},"end":{"line":42,"column":null}},"24":{"start":{"line":48,"column":8},"end":{"line":54,"column":null}},"25":{"start":{"line":60,"column":8},"end":{"line":62,"column":null}},"26":{"start":{"line":66,"column":8},"end":{"line":68,"column":null}},"27":{"start":{"line":74,"column":8},"end":{"line":80,"column":null}},"28":{"start":{"line":86,"column":8},"end":{"line":93,"column":null}},"29":{"start":{"line":99,"column":8},"end":{"line":105,"column":null}},"30":{"start":{"line":23,"column":13},"end":{"line":106,"column":null}}},"fnMap":{"0":{"name":"(anonymous_4)","decl":{"start":{"line":24,"column":2},"end":{"line":24,"column":31}},"loc":{"start":{"line":24,"column":73},"end":{"line":24,"column":77}}},"1":{"name":"(anonymous_5)","decl":{"start":{"line":28,"column":2},"end":{"line":28,"column":7}},"loc":{"start":{"line":28,"column":84},"end":{"line":30,"column":3}}},"2":{"name":"(anonymous_6)","decl":{"start":{"line":34,"column":2},"end":{"line":34,"column":7}},"loc":{"start":{"line":34,"column":49},"end":{"line":36,"column":3}}},"3":{"name":"(anonymous_7)","decl":{"start":{"line":40,"column":2},"end":{"line":40,"column":7}},"loc":{"start":{"line":40,"column":81},"end":{"line":42,"column":3}}},"4":{"name":"(anonymous_8)","decl":{"start":{"line":48,"column":2},"end":{"line":48,"column":7}},"loc":{"start":{"line":51,"column":38},"end":{"line":54,"column":3}}},"5":{"name":"(anonymous_9)","decl":{"start":{"line":60,"column":2},"end":{"line":60,"column":7}},"loc":{"start":{"line":60,"column":77},"end":{"line":62,"column":3}}},"6":{"name":"(anonymous_10)","decl":{"start":{"line":66,"column":2},"end":{"line":66,"column":7}},"loc":{"start":{"line":66,"column":81},"end":{"line":68,"column":3}}},"7":{"name":"(anonymous_11)","decl":{"start":{"line":74,"column":2},"end":{"line":74,"column":7}},"loc":{"start":{"line":77,"column":32},"end":{"line":80,"column":3}}},"8":{"name":"(anonymous_12)","decl":{"start":{"line":86,"column":2},"end":{"line":86,"column":7}},"loc":{"start":{"line":90,"column":36},"end":{"line":93,"column":3}}},"9":{"name":"(anonymous_13)","decl":{"start":{"line":99,"column":2},"end":{"line":99,"column":7}},"loc":{"start":{"line":102,"column":39},"end":{"line":105,"column":3}}}},"branchMap":{},"s":{"0":0,"1":0,"2":0,"3":0,"4":0,"5":0,"6":0,"7":0,"8":0,"9":0,"10":0,"11":0,"12":0,"13":0,"14":0,"15":0,"16":0,"17":0,"18":0,"19":0,"20":0,"21":0,"22":0,"23":0,"24":0,"25":0,"26":0,"27":0,"28":0,"29":0,"30":0},"f":{"0":0,"1":0,"2":0,"3":0,"4":0,"5":0,"6":0,"7":0,"8":0,"9":0},"b":{}}
,"C:\\Users\\tharu\\Downloads\\jobqueue-saas\\backend\\src\\modules\\organizations\\organizations.module.ts": {"path":"C:\\Users\\tharu\\Downloads\\jobqueue-saas\\backend\\src\\modules\\organizations\\organizations.module.ts","statementMap":{"0":{"start":{"line":1,"column":0},"end":{"line":1,"column":40}},"1":{"start":{"line":2,"column":0},"end":{"line":2,"column":69}},"2":{"start":{"line":3,"column":0},"end":{"line":3,"column":63}},"3":{"start":{"line":4,"column":0},"end":{"line":4,"column":52}},"4":{"start":{"line":5,"column":0},"end":{"line":5,"column":61}},"5":{"start":{"line":13,"column":7},"end":{"line":13,"column":null}},"6":{"start":{"line":13,"column":13},"end":{"line":13,"column":32}},"7":{"start":{"line":13,"column":13},"end":{"line":13,"column":null}}},"fnMap":{},"branchMap":{},"s":{"0":0,"1":0,"2":0,"3":0,"4":0,"5":0,"6":0,"7":0},"f":{},"b":{}}
,"C:\\Users\\tharu\\Downloads\\jobqueue-saas\\backend\\src\\modules\\organizations\\organizations.service.ts": {"path":"C:\\Users\\tharu\\Downloads\\jobqueue-saas\\backend\\src\\modules\\organizations\\organizations.service.ts","statementMap":{"0":{"start":{"line":1,"column":0},"end":{"line":1,"column":null}},"1":{"start":{"line":7,"column":0},"end":{"line":7,"column":60}},"2":{"start":{"line":8,"column":0},"end":{"line":8,"column":54}},"3":{"start":{"line":15,"column":7},"end":{"line":232,"column":null}},"4":{"start":{"line":17,"column":21},"end":{"line":17,"column":29}},"5":{"start":{"line":18,"column":21},"end":{"line":18,"column":35}},"6":{"start":{"line":22,"column":21},"end":{"line":22,"column":93}},"7":{"start":{"line":23,"column":4},"end":{"line":25,"column":5}},"8":{"start":{"line":24,"column":6},"end":{"line":24,"column":83}},"9":{"start":{"line":27,"column":4},"end":{"line":39,"column":7}},"10":{"start":{"line":28,"column":27},"end":{"line":36,"column":8}},"11":{"start":{"line":38,"column":6},"end":{"line":38,"column":64}},"12":{"start":{"line":43,"column":24},"end":{"line":51,"column":6}},"13":{"start":{"line":53,"column":4},"end":{"line":58,"column":8}},"14":{"start":{"line":53,"column":35},"end":{"line":58,"column":6}},"15":{"start":{"line":62,"column":23},"end":{"line":69,"column":6}},"16":{"start":{"line":71,"column":4},"end":{"line":73,"column":5}},"17":{"start":{"line":72,"column":6},"end":{"line":72,"column":60}},"18":{"start":{"line":75,"column":4},"end":{"line":80,"column":6}},"19":{"start":{"line":84,"column":23},"end":{"line":84,"column":78}},"20":{"start":{"line":86,"column":25},"end":{"line":89,"column":6}},"21":{"start":{"line":91,"column":4},"end":{"line":91,"column":54}},"22":{"start":{"line":95,"column":23},"end":{"line":95,"column":69}},"23":{"start":{"line":97,"column":4},"end":{"line":97,"column":88}},"24":{"start":{"line":101,"column":23},"end":{"line":106,"column":6}},"25":{"start":{"line":108,"column":20},"end":{"line":112,"column":6}},"26":{"start":{"line":114,"column":4},"end":{"line":122,"column":8}},"27":{"start":{"line":114,"column":31},"end":{"line":122,"column":6}},"28":{"start":{"line":126,"column":23},"end":{"line":126,"column":78}},"29":{"start":{"line":128,"column":24},"end":{"line":128,"column":70}},"30":{"start":{"line":129,"column":4},"end":{"line":131,"column":5}},"31":{"start":{"line":130,"column":6},"end":{"line":130,"column":73}},"32":{"start":{"line":133,"column":21},"end":{"line":140,"column":6}},"33":{"start":{"line":141,"column":4},"end":{"line":143,"column":5}},"34":{"start":{"line":142,"column":6},"end":{"line":142,"column":83}},"35":{"start":{"line":145,"column":26},"end":{"line":152,"column":6}},"36":{"start":{"line":154,"column":4},"end":{"line":162,"column":6}},"37":{"start":{"line":166,"column":23},"end":{"line":166,"column":78}},"38":{"start":{"line":168,"column":29},"end":{"line":170,"column":6}},"39":{"start":{"line":171,"column":4},"end":{"line":173,"column":5}},"40":{"start":{"line":172,"column":6},"end":{"line":172,"column":54}},"41":{"start":{"line":175,"column":4},"end":{"line":177,"column":5}},"42":{"start":{"line":176,"column":6},"end":{"line":176,"column":80}},"43":{"start":{"line":179,"column":20},"end":{"line":183,"column":6}},"44":{"start":{"line":185,"column":4},"end":{"line":193,"column":6}},"45":{"start":{"line":197,"column":23},"end":{"line":197,"column":78}},"46":{"start":{"line":199,"column":29},"end":{"line":201,"column":6}},"47":{"start":{"line":202,"column":4},"end":{"line":204,"column":5}},"48":{"start":{"line":203,"column":6},"end":{"line":203,"column":54}},"49":{"start":{"line":206,"column":4},"end":{"line":208,"column":5}},"50":{"start":{"line":207,"column":6},"end":{"line":207,"column":75}},"51":{"start":{"line":210,"column":4},"end":{"line":212,"column":5}},"52":{"start":{"line":211,"column":6},"end":{"line":211,"column":65}},"53":{"start":{"line":214,"column":4},"end":{"line":214,"column":69}},"54":{"start":{"line":218,"column":23},"end":{"line":220,"column":6}},"55":{"start":{"line":222,"column":4},"end":{"line":224,"column":5}},"56":{"start":{"line":223,"column":6},"end":{"line":223,"column":60}},"57":{"start":{"line":226,"column":4},"end":{"line":228,"column":5}},"58":{"start":{"line":227,"column":6},"end":{"line":227,"column":63}},"59":{"start":{"line":230,"column":4},"end":{"line":230,"column":22}},"60":{"start":{"line":15,"column":13},"end":{"line":15,"column":33}},"61":{"start":{"line":15,"column":13},"end":{"line":232,"column":null}}},"fnMap":{"0":{"name":"(anonymous_2)","decl":{"start":{"line":16,"column":2},"end":{"line":16,"column":null}},"loc":{"start":{"line":18,"column":47},"end":{"line":19,"column":6}}},"1":{"name":"(anonymous_3)","decl":{"start":{"line":21,"column":2},"end":{"line":21,"column":7}},"loc":{"start":{"line":21,"column":57},"end":{"line":40,"column":3}}},"2":{"name":"(anonymous_4)","decl":{"start":{"line":27,"column":36},"end":{"line":27,"column":41}},"loc":{"start":{"line":27,"column":49},"end":{"line":39,"column":5}}},"3":{"name":"(anonymous_5)","decl":{"start":{"line":42,"column":2},"end":{"line":42,"column":7}},"loc":{"start":{"line":42,"column":30},"end":{"line":59,"column":3}}},"4":{"name":"(anonymous_6)","decl":{"start":{"line":53,"column":27},"end":{"line":53,"column":28}},"loc":{"start":{"line":53,"column":35},"end":{"line":58,"column":6}}},"5":{"name":"(anonymous_7)","decl":{"start":{"line":61,"column":2},"end":{"line":61,"column":7}},"loc":{"start":{"line":61,"column":47},"end":{"line":81,"column":3}}},"6":{"name":"(anonymous_8)","decl":{"start":{"line":83,"column":2},"end":{"line":83,"column":7}},"loc":{"start":{"line":83,"column":71},"end":{"line":92,"column":3}}},"7":{"name":"(anonymous_9)","decl":{"start":{"line":94,"column":2},"end":{"line":94,"column":7}},"loc":{"start":{"line":94,"column":43},"end":{"line":98,"column":3}}},"8":{"name":"(anonymous_10)","decl":{"start":{"line":100,"column":2},"end":{"line":100,"column":7}},"loc":{"start":{"line":100,"column":47},"end":{"line":123,"column":3}}},"9":{"name":"(anonymous_11)","decl":{"start":{"line":114,"column":23},"end":{"line":114,"column":24}},"loc":{"start":{"line":114,"column":31},"end":{"line":122,"column":6}}},"10":{"name":"(anonymous_12)","decl":{"start":{"line":125,"column":2},"end":{"line":125,"column":7}},"loc":{"start":{"line":125,"column":71},"end":{"line":163,"column":3}}},"11":{"name":"(anonymous_13)","decl":{"start":{"line":165,"column":2},"end":{"line":165,"column":7}},"loc":{"start":{"line":165,"column":97},"end":{"line":194,"column":3}}},"12":{"name":"(anonymous_14)","decl":{"start":{"line":196,"column":2},"end":{"line":196,"column":7}},"loc":{"start":{"line":196,"column":67},"end":{"line":215,"column":3}}},"13":{"name":"(anonymous_15)","decl":{"start":{"line":217,"column":10},"end":{"line":217,"column":15}},"loc":{"start":{"line":217,"column":79},"end":{"line":231,"column":3}}}},"branchMap":{"0":{"loc":{"start":{"line":23,"column":4},"end":{"line":25,"column":5}},"type":"if","locations":[{"start":{"line":23,"column":4},"end":{"line":25,"column":5}}]},"1":{"loc":{"start":{"line":71,"column":4},"end":{"line":73,"column":5}},"type":"if","locations":[{"start":{"line":71,"column":4},"end":{"line":73,"column":5}}]},"2":{"loc":{"start":{"line":129,"column":4},"end":{"line":131,"column":5}},"type":"if","locations":[{"start":{"line":129,"column":4},"end":{"line":131,"column":5}}]},"3":{"loc":{"start":{"line":141,"column":4},"end":{"line":143,"column":5}},"type":"if","locations":[{"start":{"line":141,"column":4},"end":{"line":143,"column":5}}]},"4":{"loc":{"start":{"line":171,"column":4},"end":{"line":173,"column":5}},"type":"if","locations":[{"start":{"line":171,"column":4},"end":{"line":173,"column":5}}]},"5":{"loc":{"start":{"line":175,"column":4},"end":{"line":177,"column":5}},"type":"if","locations":[{"start":{"line":175,"column":4},"end":{"line":177,"column":5}}]},"6":{"loc":{"start":{"line":175,"column":8},"end":{"line":175,"column":72}},"type":"binary-expr","locations":[{"start":{"line":175,"column":8},"end":{"line":175,"column":41}},{"start":{"line":175,"column":45},"end":{"line":175,"column":72}}]},"7":{"loc":{"start":{"line":202,"column":4},"end":{"line":204,"column":5}},"type":"if","locations":[{"start":{"line":202,"column":4},"end":{"line":204,"column":5}}]},"8":{"loc":{"start":{"line":206,"column":4},"end":{"line":208,"column":5}},"type":"if","locations":[{"start":{"line":206,"column":4},"end":{"line":208,"column":5}}]},"9":{"loc":{"start":{"line":206,"column":8},"end":{"line":206,"column":72}},"type":"binary-expr","locations":[{"start":{"line":206,"column":8},"end":{"line":206,"column":41}},{"start":{"line":206,"column":45},"end":{"line":206,"column":72}}]},"10":{"loc":{"start":{"line":210,"column":4},"end":{"line":212,"column":5}},"type":"if","locations":[{"start":{"line":210,"column":4},"end":{"line":212,"column":5}}]},"11":{"loc":{"start":{"line":222,"column":4},"end":{"line":224,"column":5}},"type":"if","locations":[{"start":{"line":222,"column":4},"end":{"line":224,"column":5}}]},"12":{"loc":{"start":{"line":226,"column":4},"end":{"line":228,"column":5}},"type":"if","locations":[{"start":{"line":226,"column":4},"end":{"line":228,"column":5}}]}},"s":{"0":0,"1":0,"2":0,"3":0,"4":0,"5":0,"6":0,"7":0,"8":0,"9":0,"10":0,"11":0,"12":0,"13":0,"14":0,"15":0,"16":0,"17":0,"18":0,"19":0,"20":0,"21":0,"22":0,"23":0,"24":0,"25":0,"26":0,"27":0,"28":0,"29":0,"30":0,"31":0,"32":0,"33":0,"34":0,"35":0,"36":0,"37":0,"38":0,"39":0,"40":0,"41":0,"42":0,"43":0,"44":0,"45":0,"46":0,"47":0,"48":0,"49":0,"50":0,"51":0,"52":0,"53":0,"54":0,"55":0,"56":0,"57":0,"58":0,"59":0,"60":0,"61":0},"f":{"0":0,"1":0,"2":0,"3":0,"4":0,"5":0,"6":0,"7":0,"8":0,"9":0,"10":0,"11":0,"12":0,"13":0},"b":{"0":[0],"1":[0],"2":[0],"3":[0],"4":[0],"5":[0],"6":[0,0],"7":[0],"8":[0],"9":[0,0],"10":[0],"11":[0],"12":[0]}}
,"C:\\Users\\tharu\\Downloads\\jobqueue-saas\\backend\\src\\modules\\organizations\\dto\\create-organization.dto.ts": {"path":"C:\\Users\\tharu\\Downloads\\jobqueue-saas\\backend\\src\\modules\\organizations\\dto\\create-organization.dto.ts","statementMap":{"0":{"start":{"line":1,"column":0},"end":{"line":1,"column":74}},"1":{"start":{"line":3,"column":0},"end":{"line":3,"column":13}},"2":{"start":{"line":7,"column":2},"end":{"line":7,"column":null}},"3":{"start":{"line":15,"column":2},"end":{"line":15,"column":null}}},"fnMap":{},"branchMap":{},"s":{"0":0,"1":0,"2":0,"3":0},"f":{},"b":{}}
,"C:\\Users\\tharu\\Downloads\\jobqueue-saas\\backend\\src\\modules\\organizations\\dto\\invite-member.dto.ts": {"path":"C:\\Users\\tharu\\Downloads\\jobqueue-saas\\backend\\src\\modules\\organizations\\dto\\invite-member.dto.ts","statementMap":{"0":{"start":{"line":1,"column":0},"end":{"line":1,"column":50}},"1":{"start":{"line":2,"column":0},"end":{"line":2,"column":48}},"2":{"start":{"line":4,"column":0},"end":{"line":4,"column":13}},"3":{"start":{"line":6,"column":2},"end":{"line":6,"column":null}},"4":{"start":{"line":9,"column":2},"end":{"line":9,"column":null}}},"fnMap":{},"branchMap":{},"s":{"0":0,"1":0,"2":0,"3":0,"4":0},"f":{},"b":{}}
,"C:\\Users\\tharu\\Downloads\\jobqueue-saas\\backend\\src\\modules\\organizations\\dto\\member-response.dto.ts": {"path":"C:\\Users\\tharu\\Downloads\\jobqueue-saas\\backend\\src\\modules\\organizations\\dto\\member-response.dto.ts","statementMap":{"0":{"start":{"line":1,"column":0},"end":{"line":1,"column":13}}},"fnMap":{},"branchMap":{},"s":{"0":0},"f":{},"b":{}}
,"C:\\Users\\tharu\\Downloads\\jobqueue-saas\\backend\\src\\modules\\organizations\\dto\\organization-response.dto.ts": {"path":"C:\\Users\\tharu\\Downloads\\jobqueue-saas\\backend\\src\\modules\\organizations\\dto\\organization-response.dto.ts","statementMap":{"0":{"start":{"line":1,"column":0},"end":{"line":1,"column":13}},"1":{"start":{"line":11,"column":0},"end":{"line":11,"column":13}}},"fnMap":{},"branchMap":{},"s":{"0":0,"1":0},"f":{},"b":{}}
,"C:\\Users\\tharu\\Downloads\\jobqueue-saas\\backend\\src\\modules\\organizations\\dto\\update-member-role.dto.ts": {"path":"C:\\Users\\tharu\\Downloads\\jobqueue-saas\\backend\\src\\modules\\organizations\\dto\\update-member-role.dto.ts","statementMap":{"0":{"start":{"line":1,"column":0},"end":{"line":1,"column":41}},"1":{"start":{"line":2,"column":0},"end":{"line":2,"column":48}},"2":{"start":{"line":4,"column":0},"end":{"line":4,"column":13}},"3":{"start":{"line":6,"column":2},"end":{"line":6,"column":null}}},"fnMap":{},"branchMap":{},"s":{"0":0,"1":0,"2":0,"3":0},"f":{},"b":{}}
,"C:\\Users\\tharu\\Downloads\\jobqueue-saas\\backend\\src\\modules\\organizations\\dto\\update-organization.dto.ts": {"path":"C:\\Users\\tharu\\Downloads\\jobqueue-saas\\backend\\src\\modules\\organizations\\dto\\update-organization.dto.ts","statementMap":{"0":{"start":{"line":1,"column":0},"end":{"line":1,"column":77}},"1":{"start":{"line":3,"column":0},"end":{"line":3,"column":13}},"2":{"start":{"line":8,"column":2},"end":{"line":8,"column":null}}},"fnMap":{},"branchMap":{},"s":{"0":0,"1":0,"2":0},"f":{},"b":{}}
,"C:\\Users\\tharu\\Downloads\\jobqueue-saas\\backend\\src\\modules\\projects\\projects.controller.ts": {"path":"C:\\Users\\tharu\\Downloads\\jobqueue-saas\\backend\\src\\modules\\projects\\projects.controller.ts","statementMap":{"0":{"start":{"line":1,"column":0},"end":{"line":1,"column":null}},"1":{"start":{"line":15,"column":0},"end":{"line":15,"column":64}},"2":{"start":{"line":16,"column":0},"end":{"line":16,"column":61}},"3":{"start":{"line":17,"column":0},"end":{"line":17,"column":53}},"4":{"start":{"line":18,"column":0},"end":{"line":18,"column":60}},"5":{"start":{"line":19,"column":0},"end":{"line":19,"column":60}},"6":{"start":{"line":20,"column":0},"end":{"line":20,"column":58}},"7":{"start":{"line":21,"column":0},"end":{"line":21,"column":60}},"8":{"start":{"line":24,"column":7},"end":{"line":80,"column":null}},"9":{"start":{"line":26,"column":21},"end":{"line":26,"column":38}},"10":{"start":{"line":27,"column":21},"end":{"line":27,"column":29}},"11":{"start":{"line":31,"column":16},"end":{"line":31,"column":78}},"12":{"start":{"line":32,"column":4},"end":{"line":32,"column":68}},"13":{"start":{"line":32,"column":14},"end":{"line":32,"column":68}},"14":{"start":{"line":33,"column":4},"end":{"line":33,"column":18}},"15":{"start":{"line":41,"column":27},"end":{"line":41,"column":56}},"16":{"start":{"line":42,"column":4},"end":{"line":42,"column":60}},"17":{"start":{"line":48,"column":27},"end":{"line":48,"column":56}},"18":{"start":{"line":49,"column":4},"end":{"line":49,"column":63}},"19":{"start":{"line":55,"column":27},"end":{"line":55,"column":56}},"20":{"start":{"line":56,"column":4},"end":{"line":56,"column":72}},"21":{"start":{"line":68,"column":27},"end":{"line":68,"column":56}},"22":{"start":{"line":69,"column":4},"end":{"line":69,"column":73}},"23":{"start":{"line":77,"column":27},"end":{"line":77,"column":56}},"24":{"start":{"line":78,"column":4},"end":{"line":78,"column":67}},"25":{"start":{"line":24,"column":13},"end":{"line":24,"column":31}},"26":{"start":{"line":40,"column":8},"end":{"line":43,"column":null}},"27":{"start":{"line":47,"column":8},"end":{"line":50,"column":null}},"28":{"start":{"line":54,"column":8},"end":{"line":57,"column":null}},"29":{"start":{"line":63,"column":8},"end":{"line":70,"column":null}},"30":{"start":{"line":76,"column":8},"end":{"line":79,"column":null}},"31":{"start":{"line":24,"column":13},"end":{"line":80,"column":null}}},"fnMap":{"0":{"name":"(anonymous_4)","decl":{"start":{"line":25,"column":2},"end":{"line":25,"column":null}},"loc":{"start":{"line":27,"column":42},"end":{"line":28,"column":6}}},"1":{"name":"(anonymous_5)","decl":{"start":{"line":30,"column":10},"end":{"line":30,"column":15}},"loc":{"start":{"line":30,"column":41},"end":{"line":34,"column":3}}},"2":{"name":"(anonymous_6)","decl":{"start":{"line":40,"column":2},"end":{"line":40,"column":7}},"loc":{"start":{"line":40,"column":73},"end":{"line":43,"column":3}}},"3":{"name":"(anonymous_7)","decl":{"start":{"line":47,"column":2},"end":{"line":47,"column":7}},"loc":{"start":{"line":47,"column":76},"end":{"line":50,"column":3}}},"4":{"name":"(anonymous_8)","decl":{"start":{"line":54,"column":2},"end":{"line":54,"column":7}},"loc":{"start":{"line":54,"column":89},"end":{"line":57,"column":3}}},"5":{"name":"(anonymous_9)","decl":{"start":{"line":63,"column":2},"end":{"line":63,"column":7}},"loc":{"start":{"line":66,"column":33},"end":{"line":70,"column":3}}},"6":{"name":"(anonymous_10)","decl":{"start":{"line":76,"column":2},"end":{"line":76,"column":7}},"loc":{"start":{"line":76,"column":85},"end":{"line":79,"column":3}}}},"branchMap":{"0":{"loc":{"start":{"line":32,"column":4},"end":{"line":32,"column":68}},"type":"if","locations":[{"start":{"line":32,"column":4},"end":{"line":32,"column":68}}]}},"s":{"0":0,"1":0,"2":0,"3":0,"4":0,"5":0,"6":0,"7":0,"8":0,"9":0,"10":0,"11":0,"12":0,"13":0,"14":0,"15":0,"16":0,"17":0,"18":0,"19":0,"20":0,"21":0,"22":0,"23":0,"24":0,"25":0,"26":0,"27":0,"28":0,"29":0,"30":0,"31":0},"f":{"0":0,"1":0,"2":0,"3":0,"4":0,"5":0,"6":0},"b
[...]
,"18":{"start":{"line":20,"column":8},"end":{"line":22,"column":null}},"19":{"start":{"line":26,"column":8},"end":{"line":28,"column":null}},"20":{"start":{"line":32,"column":8},"end":{"line":38,"column":null}},"21":{"start":{"line":42,"column":8},"end":{"line":44,"column":null}},"22":{"start":{"line":48,"column":8},"end":{"line":50,"column":null}},"23":{"start":{"line":54,"column":8},"end":{"line":56,"column":null}},"24":{"start":{"line":60,"column":8},"end":{"line":62,"column":null}},"25":{"start":{"line":9,"column":13},"end":{"line":63,"column":null}}},"fnMap":{"0":{"name":"(anonymous_4)","decl":{"start":{"line":10,"column":2},"end":{"line":10,"column":31}},"loc":{"start":{"line":10,"column":61},"end":{"line":10,"column":65}}},"1":{"name":"(anonymous_5)","decl":{"start":{"line":14,"column":2},"end":{"line":14,"column":7}},"loc":{"start":{"line":14,"column":47},"end":{"line":16,"column":3}}},"2":{"name":"(anonymous_6)","decl":{"start":{"line":20,"column":2},"end":{"line":20,"column":7}},"loc":{"start":{"line":20,"column":41},"end":{"line":22,"column":3}}},"3":{"name":"(anonymous_7)","decl":{"start":{"line":26,"column":2},"end":{"line":26,"column":7}},"loc":{"start":{"line":26,"column":68},"end":{"line":28,"column":3}}},"4":{"name":"(anonymous_8)","decl":{"start":{"line":32,"column":2},"end":{"line":32,"column":7}},"loc":{"start":{"line":35,"column":31},"end":{"line":38,"column":3}}},"5":{"name":"(anonymous_9)","decl":{"start":{"line":42,"column":2},"end":{"line":42,"column":7}},"loc":{"start":{"line":42,"column":95},"end":{"line":44,"column":3}}},"6":{"name":"(anonymous_10)","decl":{"start":{"line":48,"column":2},"end":{"line":48,"column":7}},"loc":{"start":{"line":48,"column":15},"end":{"line":50,"column":3}}},"7":{"name":"(anonymous_11)","decl":{"start":{"line":54,"column":2},"end":{"line":54,"column":7}},"loc":{"start":{"line":54,"column":40},"end":{"line":56,"column":3}}},"8":{"name":"(anonymous_12)","decl":{"start":{"line":60,"column":2},"end":{"line":60,"column":7}},"loc":{"start":{"line":60,"column":38},"end":{"line":62,"column":3}}}},"branchMap":{},"s":{"0":0,"1":0,"2":0,"3":0,"4":0,"5":0,"6":0,"7":0,"8":0,"9":0,"10":0,"11":0,"12":0,"13":0,"14":0,"15":0,"16":0,"17":0,"18":0,"19":0,"20":0,"21":0,"22":0,"23":0,"24":0,"25":0},"f":{"0":0,"1":0,"2":0,"3":0,"4":0,"5":0,"6":0,"7":0,"8":0},"b":{}}
,"C:\\Users\\tharu\\Downloads\\jobqueue-saas\\backend\\src\\modules\\workers\\workers.module.ts": {"path":"C:\\Users\\tharu\\Downloads\\jobqueue-saas\\backend\\src\\modules\\workers\\workers.module.ts","statementMap":{"0":{"start":{"line":1,"column":0},"end":{"line":1,"column":40}},"1":{"start":{"line":2,"column":0},"end":{"line":2,"column":57}},"2":{"start":{"line":3,"column":0},"end":{"line":3,"column":51}},"3":{"start":{"line":10,"column":7},"end":{"line":10,"column":null}},"4":{"start":{"line":10,"column":13},"end":{"line":10,"column":26}},"5":{"start":{"line":10,"column":13},"end":{"line":10,"column":null}}},"fnMap":{},"branchMap":{},"s":{"0":0,"1":0,"2":0,"3":0,"4":0,"5":0},"f":{},"b":{}}
,"C:\\Users\\tharu\\Downloads\\jobqueue-saas\\backend\\src\\modules\\workers\\workers.service.ts": {"path":"C:\\Users\\tharu\\Downloads\\jobqueue-saas\\backend\\src\\modules\\workers\\workers.service.ts","statementMap":{"0":{"start":{"line":1,"column":0},"end":{"line":1,"column":84}},"1":{"start":{"line":2,"column":0},"end":{"line":2,"column":60}},"2":{"start":{"line":9,"column":7},"end":{"line":210,"column":null}},"3":{"start":{"line":10,"column":31},"end":{"line":10,"column":39}},"4":{"start":{"line":13,"column":4},"end":{"line":22,"column":7}},"5":{"start":{"line":26,"column":19},"end":{"line":26,"column":73}},"6":{"start":{"line":27,"column":4},"end":{"line":27,"column":65}},"7":{"start":{"line":27,"column":17},"end":{"line":27,"column":65}},"8":{"start":{"line":29,"column":4},"end":{"line":32,"column":7}},"9":{"start":{"line":36,"column":19},"end":{"line":36,"column":83}},"10":{"start":{"line":37,"column":4},"end":{"line":37,"column":65}},"11":{"start":{"line":37,"column":17},"end":{"line":37,"column":65}},"12":{"start":{"line":40,"column":4},"end":{"line":43,"column":7}},"13":{"start":{"line":45,"column":18},"end":{"line":45,"column":49}},"14":{"start":{"line":46,"column":16},"end":{"line":46,"column":26}},"15":{"start":{"line":49,"column":26},"end":{"line":57,"column":6}},"16":{"start":{"line":59,"column":4},"end":{"line":59,"column":59}},"17":{"start":{"line":59,"column":36},"end":{"line":59,"column":59}},"18":{"start":{"line":62,"column":24},"end":{"line":76,"column":null}},"19":{"start":{"line":64,"column":8},"end":{"line":75,"column":10}},"20":{"start":{"line":80,"column":4},"end":{"line":89,"column":5}},"21":{"start":{"line":81,"column":6},"end":{"line":88,"column":9}},"22":{"start":{"line":91,"column":4},"end":{"line":91,"column":36}},"23":{"start":{"line":95,"column":16},"end":{"line":95,"column":74}},"24":{"start":{"line":96,"column":4},"end":{"line":96,"column":59}},"25":{"start":{"line":96,"column":14},"end":{"line":96,"column":59}},"26":{"start":{"line":97,"column":4},"end":{"line":97,"column":100}},"27":{"start":{"line":97,"column":36},"end":{"line":97,"column":100}},"28":{"start":{"line":99,"column":16},"end":{"line":99,"column":26}},"29":{"start":{"line":101,"column":4},"end":{"line":117,"column":7}},"30":{"start":{"line":119,"column":4},"end":{"line":119,"column":64}},"31":{"start":{"line":123,"column":16},"end":{"line":123,"column":74}},"32":{"start":{"line":124,"column":4},"end":{"line":124,"column":59}},"33":{"start":{"line":124,"column":14},"end":{"line":124,"column":59}},"34":{"start":{"line":125,"column":4},"end":{"line":125,"column":100}},"35":{"start":{"line":125,"column":36},"end":{"line":125,"column":100}},"36":{"start":{"line":127,"column":16},"end":{"line":127,"column":26}},"37":{"start":{"line":128,"column":24},"end":{"line":128,"column":40}},"38":{"start":{"line":129,"column":22},"end":{"line":129,"column":51}},"39":{"start":{"line":130,"column":18},"end":{"line":130,"column":84}},"40":{"start":{"line":133,"column":18},"end":{"line":133,"column":49}},"41":{"start":{"line":134,"column":4},"end":{"line":136,"column":55}},"42":{"start":{"line":134,"column":43},"end":{"line":134,"column":75}},"43":{"start":{"line":135,"column":9},"end":{"line":136,"column":55}},"44":{"start":{"line":136,"column":6},"end":{"line":136,"column":55}},"45":{"start":{"line":138,"column":24},"end":{"line":138,"column":57}},"46":{"start":{"line":140,"column":4},"end":{"line":170,"column":7}},"47":{"start":{"line":172,"column":4},"end":{"line":172,"column":64}},"48":{"start":{"line":176,"column":20},"end":{"line":178,"column":6}},"49":{"start":{"line":181,"column":27},"end":{"line":181,"column":55}},"50":{"start":{"line":182,"column":4},"end":{"line":193,"column":5}},"51":{"start":{"line":183,"column":6},"end":{"line":192,"column":7}},"52":{"start":{"line":187,"column":8},"end":{"line":190,"column":11}},"53":{"start":{"line":191,"column":8},"end":{"line":191,"column":34}},"54":{"start":{"line":195,"column":4},"end":{"line":195,"column":19}},"55":{"start":{"line":199,"column":19},"end":{"line":201,"column":6}},"56":{"start":{"line":202,"column":4},"end":{"line":202,"column":65}},"57":{"start":{"line":202,"column":17},"end":{"line":202,"column":65}},"58":{"start":{"line":203,"column":4},"end":{"line":203,"column":18}},"59":{"start":{"line":207,"column":19},"end":{"line":207,"column":42}},"60":{"start":{"line":208,"column":4},"end":{"line":208,"column":66}},"61":{"start":{"line":9,"column":13},"end":{"line":9,"column":27}},"62":{"start":{"line":9,"column":13},"end":{"line":210,"column":null}}},"fnMap":{"0":{"name":"(anonymous_2)","decl":{"start":{"line":10,"column":2},"end":{"line":10,"column":31}},"loc":{"start":{"line":10,"column":52},"end":{"line":10,"column":56}}},"1":{"name":"(anonymous_3)","decl":{"start":{"line":12,"column":2},"end":{"line":12,"column":7}},"loc":{"start":{"line":12,"column":39},"end":{"line":23,"column":3}}},"2":{"name":"(anonymous_4)","decl":{"start":{"line":25,"column":2},"end":{"line":25,"column":7}},"loc":{"start":{"line":25,"column":28},"end":{"line":33,"column":3}}},"3":{"name":"(anonymous_5)","decl":{"start":{"line":35,"column":2},"end":{"line":35,"column":7}},"loc":{"start":{"line":35,"column":53},"end":{"line":92,"column":3}}},"4":{"name":"(anonymous_6)","decl":{"start":{"line":63,"column":24},"end":{"line":63,"column":25}},"loc":{"start":{"line":64,"column":8},"end":{"line":75,"column":10}}},"5":{"name":"(anonymous_7)","decl":{"start":{"line":94,"column":2},"end":{"line":94,"column":7}},"loc":{"start":{"line":94,"column":72},"end":{"line":120,"column":3}}},"6":{"name":"(anonymous_8)","decl":{"start":{"line":122,"column":2},"end":{"line":122,"column":7}},"loc":{"start":{"line":122,"column":64},"end":{"line":173,"column":3}}},"7":{"name":"(anonymous_9)","decl":{"start":{"line":175,"column":2},"end":{"line":175,"column":7}},"loc":{"start":{"line":175,"column":15},"end":{"line":196,"column":3}}},"8":{"name":"(anonymous_10)","decl":{"start":{"line":198,"column":2},"end":{"line":198,"column":7}},"loc":{"start":{"line":198,"column":27},"end":{"line":204,"column":3}}},"9":{"name":"(anonymous_11)","decl":{"start":{"line":206,"column":2},"end":{"line":206,"column":7}},"loc":{"start":{"line":206,"column":25},"end":{"line":209,"column":3}}}},"branchMap":{"0":{"loc":{"start":{"line":17,"column":21},"end":{"line":17,"column":41}},"type":"binary-expr","locations":[{"start":{"line":17,"column":21},"end":{"line":17,"column":36}},{"start":{"line":17,"column":40},"end":{"line":17,"column":41}}]},"1":{"loc":{"start":{"line":20,"column":18},"end":{"line":20,"column":36}},"type":"binary-expr","locations":[{"start":{"line":20,"column":18},"end":{"line":20,"column":30}},{"start":{"line":20,"column":34},"end":{"line":20,"column":36}}]},"2":{"loc":{"start":{"line":27,"column":4},"end":{"line":27,"column":65}},"type":"if","locations":[{"start":{"line":27,"column":4},"end":{"line":27,"column":65}}]},"3":{"loc":{"start":{"line":37,"column":4},"end":{"line":37,"column":65}},"type":"if","locations":[{"start":{"line":37,"column":4},"end":{"line":37,"column":65}}]},"4":{"loc":{"start":{"line":45,"column":18},"end":{"line":45,"column":49}},"type":"binary-expr","locations":[{"start":{"line":45,"column":18},"end":{"line":45,"column":27}},{"start":{"line":45,"column":31},"end":{"line":45,"column":49}}]},"5":{"loc":{"start":{"line":59,"column":4},"end":{"line":59,"column":59}},"type":"if","locations":[{"start":{"line":59,"column":4},"end":{"line":59,"column":59}}]},"6":{"loc":{"start":{"line":96,"column":4},"end":{"line":96,"column":59}},"type":"if","locations":[{"start":{"line":96,"column":4},"end":{"line":96,"column":59}}]},"7":{"loc":{"start":{"line":97,"column":4},"end":{"line":97,"column":100}},"type":"if","locations":[{"start":{"line":97,"column":4},"end":{"line":97,"column":100}}]},"8":{"loc":{"start":{"line":114,"column":19},"end":{"line":114,"column":93}},"type":"cond-expr","locations":[{"start":{"line":114,"column":32},"end":{"line":114,"column":62}},{"start":{"line":114,"column":65},"end":{"line":114,"column":93}}]},"9":{"loc":{"start":{"line":124,"column":4},"end":{"line":124,"column":59}},"type":"if","locations":[{"start":{"line":124,"column":4},"end":{"line":124,"column":59}}]},"10":{"loc":{"start":{"line":125,"column":4},"end":{"line":125,"column":100}},"type":"if","locations":[{"start":{"line":125,"column":4},"end":{"line":125,"column":100}}]},"11":{"loc":{"start":{"line":133,"column":18},"end":{"line":133,"column":49}},"type":"binary-expr","locations":[{"start":{"line":133,"column":18},"end":{"line":133,"column":41}},{"start":{"line":133,"column":45},"end":{"line":133,"column":49}}]},"12":{"loc":{"start":{"line":134,"column":4},"end":{"line":136,"column":55}},"type":"if","locations":[{"start":{"line":134,"column":4},"end":{"line":136,"column":55}},{"start":{"line":135,"column":9},"end":{"line":136,"column":55}}]},"13":{"loc":{"start":{"line":135,"column":9},"end":{"line":136,"column":55}},"type":"if","locations":[{"start":{"line":135,"column":9},"end":{"line":136,"column":55}}]},"14":{"loc":{"start":{"line":144,"column":18},"end":{"line":144,"column":52}},"type":"cond-expr","locations":[{"start":{"line":144,"column":30},"end":{"line":144,"column":41}},{"start":{"line":144,"column":44},"end":{"line":144,"column":52}}]},"15":{"loc":{"start":{"line":146,"column":20},"end":{"line":146,"column":42}},"type":"cond-expr","locations":[{"start":{"line":146,"column":32},"end":{"line":146,"column":36}},{"start":{"line":146,"column":39},"end":{"line":146,"column":42}}]},"16":{"loc":{"start":{"line":147,"column":17},"end":{"line":147,"column":47}},"type":"cond-expr","locations":[{"start":{"line":147,"column":29},"end":{"line":147,"column":40}},{"start":{"line":147,"column":43},"end":{"line":147,"column":47}}]},"17":{"loc":{"start":{"line":158,"column":19},"end":{"line":158,"column":72}},"type":"cond-expr","locations":[{"start":{"line":158,"column":31},"end":{"line":158,"column":57}},{"start":{"line":158,"column":60},"end":{"line":158,"column":72}}]},"18":{"loc":{"start":{"line":165,"column":18},"end":{"line":165,"column":46}},"type":"binary-expr","locations":[{"start":{"line":165,"column":18},"end":{"line":165,"column":27}},{"start":{"line":165,"column":31},"end":{"line":165,"column":46}}]},"19":{"loc":{"start":{"line":183,"column":6},"end":{"line":192,"column":7}},"type":"if","locations":[{"start":{"line":183,"column":6},"end":{"line":192,"column":7}}]},"20":{"loc":{"start":{"line":184,"column":8},"end":{"line":185,"column":72}},"type":"binary-expr","locations":[{"start":{"line":184,"column":8},"end":{"line":184,"column":34}},{"start":{"line":185,"column":9},"end":{"line":185,"column":30}},{"start":{"line":185,"column":34},"end":{"line":185,"column":71}}]},"21":{"loc":{"start":{"line":202,"column":4},"end":{"line":202,"column":65}},"type":"if","locations":[{"start":{"line":202,"column":4},"end":{"line":202,"column":65}}]}},"s":{"0":0,"1":0,"2":0,"3":0,"4":0,"5":0,"6":0,"7":0,"8":0,"9":0,"10":0,"11":0,"12":0,"13":0,"14":0,"15":0,"16":0,"17":0,"18":0,"19":0,"20":0,"21":0,"22":0,"23":0,"24":0,"25":0,"26":0,"27":0,"28":0,"29":0,"30":0,"31":0,"32":0,"33":0,"34":0,"35":0,"36":0,"37":0,"38":0,"39":0,"40":0,"41":0,"42":0,"43":0,"44":0,"45":0,"46":0,"47":0,"48":0,"49":0,"50":0,"51":0,"52":0,"53":0,"54":0,"55":0,"56":0,"57":0,"58":0,"59":0,"60":0,"61":0,"62":0},"f":{"0":0,"1":0,"2":0,"3":0,"4":0,"5":0,"6":0,"7":0,"8":0,"9":0},"b":{"0":[0,0],"1":[0,0],"2":[0],"3":[0],"4":[0,0],"5":[0],"6":[0],"7":[0],"8":[0,0],"9":[0],"10":[0],"11":[0,0],"12":[0,0],"13":[0],"14":[0,0],"15":[0,0],"16":[0,0],"17":[0,0],"18":[0,0],"19":[0],"20":[0,0,0],"21":[0]}}
,"C:\\Users\\tharu\\Downloads\\jobqueue-saas\\backend\\src\\modules\\workers\\dto\\claim-jobs.dto.ts": {"path":"C:\\Users\\tharu\\Downloads\\jobqueue-saas\\backend\\src\\modules\\workers\\dto\\claim-jobs.dto.ts","statementMap":{"0":{"start":{"line":1,"column":0},"end":{"line":1,"column":67}},"1":{"start":{"line":3,"column":0},"end":{"line":3,"column":13}},"2":{"start":{"line":5,"column":2},"end":{"line":5,"column":null}},"3":{"start":{"line":10,"column":2},"end":{"line":10,"column":null}}},"fnMap":{},"branchMap":{},"s":{"0":0,"1":0,"2":0,"3":0},"f":{},"b":{}}
,"C:\\Users\\tharu\\Downloads\\jobqueue-saas\\backend\\src\\modules\\workers\\dto\\complete-job.dto.ts": {"path":"C:\\Users\\tharu\\Downloads\\jobqueue-saas\\backend\\src\\modules\\workers\\dto\\complete-job.dto.ts","statementMap":{"0":{"start":{"line":1,"column":0},"end":{"line":1,"column":55}},"1":{"start":{"line":3,"column":0},"end":{"line":3,"column":13}},"2":{"start":{"line":6,"column":2},"end":{"line":6,"column":null}}},"fnMap":{},"branchMap":{},"s":{"0":0,"1":0,"2":0},"f":{},"b":{}}
,"C:\\Users\\tharu\\Downloads\\jobqueue-saas\\backend\\src\\modules\\workers\\dto\\fail-job.dto.ts": {"path":"C:\\Users\\tharu\\Downloads\\jobqueue-saas\\backend\\src\\modules\\workers\\dto\\fail-job.dto.ts","statementMap":{"0":{"start":{"line":1,"column":0},"end":{"line":1,"column":55}},"1":{"start":{"line":3,"column":0},"end":{"line":3,"column":13}},"2":{"start":{"line":6,"column":2},"end":{"line":6,"column":null}}},"fnMap":{},"branchMap":{},"s":{"0":0,"1":0,"2":0},"f":{},"b":{}}
,"C:\\Users\\tharu\\Downloads\\jobqueue-saas\\backend\\src\\modules\\workers\\dto\\register-worker.dto.ts": {"path":"C:\\Users\\tharu\\Downloads\\jobqueue-saas\\backend\\src\\modules\\workers\\dto\\register-worker.dto.ts","statementMap":{"0":{"start":{"line":1,"column":0},"end":{"line":1,"column":82}},"1":{"start":{"line":3,"column":0},"end":{"line":3,"column":13}},"2":{"start":{"line":5,"column":2},"end":{"line":5,"column":null}},"3":{"start":{"line":9,"column":2},"end":{"line":9,"column":null}},"4":{"start":{"line":15,"column":2},"end":{"line":15,"column":null}},"5":{"start":{"line":19,"column":2},"end":{"line":19,"column":null}}},"fnMap":{},"branchMap":{},"s":{"0":0,"1":0,"2":0,"3":0,"4":0,"5":0},"f":{},"b":{}}
,"C:\\Users\\tharu\\Downloads\\jobqueue-saas\\backend\\src\\prisma\\prisma.service.ts": {"path":"C:\\Users\\tharu\\Downloads\\jobqueue-saas\\backend\\src\\prisma\\prisma.service.ts","statementMap":{"0":{"start":{"line":1,"column":0},"end":{"line":1,"column":83}},"1":{"start":{"line":2,"column":0},"end":{"line":2,"column":46}},"2":{"start":{"line":5,"column":26},"end":{"line":57,"column":null}},"3":{"start":{"line":9,"column":4},"end":{"line":15,"column":7}},"4":{"start":{"line":6,"column":19},"end":{"line":6,"column":59}},"5":{"start":{"line":19,"column":4},"end":{"line":19,"column":26}},"6":{"start":{"line":20,"column":4},"end":{"line":20,"column":58}},"7":{"start":{"line":24,"column":4},"end":{"line":24,"column":29}},"8":{"start":{"line":25,"column":4},"end":{"line":25,"column":52}},"9":{"start":{"line":41,"column":4},"end":{"line":41,"column":47}},"10":{"start":{"line":41,"column":37},"end":{"line":41,"column":45}},"11":{"start":{"line":45,"column":4},"end":{"line":47,"column":5}},"12":{"start":{"line":46,"column":6},"end":{"line":46,"column":67}},"13":{"start":{"line":48,"column":23},"end":{"line":50,"column":6}},"14":{"start":{"line":51,"column":4},"end":{"line":55,"column":5}},"15":{"start":{"line":52,"column":6},"end":{"line":54,"column":7}},"16":{"start":{"line":53,"column":8},"end":{"line":53,"column":88}},"17":{"start":{"line":5,"column":13},"end":{"line":5,"column":26}},"18":{"start":{"line":5,"column":13},"end":{"line":57,"column":null}}},"fnMap":{"0":{"name":"(anonymous_2)","decl":{"start":{"line":8,"column":2},"end":{"line":8,"column":null}},"loc":{"start":{"line":8,"column":2},"end":{"line":16,"column":3}}},"1":{"name":"(anonymous_3)","decl":{"start":{"line":18,"column":2},"end":{"line":18,"column":7}},"loc":{"start":{"line":18,"column":20},"end":{"line":21,"column":3}}},"2":{"name":"(anonymous_4)","decl":{"start":{"line":23,"column":2},"end":{"line":23,"column":7}},"loc":{"start":{"line":23,"column":23},"end":{"line":26,"column":3}}},"3":{"name":"(anonymous_5)","decl":{"start":{"line":33,"column":2},"end":{"line":33,"column":7}},"loc":{"start":{"line":39,"column":19},"end":{"line":42,"column":3}}},"4":{"name":"(anonymous_6)","decl":{"start":{"line":41,"column":29},"end":{"line":41,"column":30}},"loc":{"start":{"line":41,"column":37},"end":{"line":41,"column":45}}},"5":{"name":"(anonymous_7)","decl":{"start":{"line":44,"column":2},"end":{"line":44,"column":7}},"loc":{"start":{"line":44,"column":21},"end":{"line":56,"column":3}}}},"branchMap":{"0":{"loc":{"start":{"line":45,"column":4},"end":{"line":47,"column":5}},"type":"if","locations":[{"start":{"line":45,"column":4},"end":{"line":47,"column":5}}]},"1":{"loc":{"start":{"line":52,"column":6},"end":{"line":54,"column":7}},"type":"if","locations":[{"start":{"line":52,"column":6},"end":{"line":54,"column":7}}]}},"s":{"0":4,"1":4,"2":4,"3":0,"4":0,"5":0,"6":0,"7":0,"8":0,"9":0,"10":0,"11":0,"12":0,"13":0,"14":0,"15":0,"16":0,"17":4,"18":4},"f":{"0":0,"1":0,"2":0,"3":0,"4":0,"5":0},"b":{"0":[0],"1":[0]}}
}
